2015-04-26 01:47:40 add jessie deb main i386 syndie 1.105b-1
2015-04-26 01:47:40 add jessie deb main i386 service-wrapper 3.5.25-1
2015-04-26 01:47:40 add jessie deb main i386 libservice-wrapper-jni 3.5.25-1
2015-04-26 01:47:40 add jessie deb main i386 libservice-wrapper-java 3.5.25-1
2015-04-26 01:47:40 add jessie deb main i386 libservice-wrapper-doc 3.5.25-1
2015-04-26 01:47:40 add jessie deb main i386 libjbigi-jni 0.9.19-3
2015-04-26 01:47:40 add jessie deb main i386 killyourtv-keyring 2015.03.27.1
2015-04-26 01:47:40 add jessie deb main i386 i2pd-dbg 0.9.0-1
2015-04-26 01:47:40 add jessie deb main i386 i2pd 0.9.0-1
2015-04-26 01:47:40 add jessie deb main i386 i2p-router 0.9.19-3
2015-04-26 01:47:40 add jessie deb main i386 i2p-keyring 2014.09.25
2015-04-26 01:47:40 add jessie deb main i386 i2p-doc 0.9.19-3
2015-04-26 01:47:40 add jessie deb main i386 i2p 0.9.19-3
2015-04-26 01:47:40 add jessie deb main i386 anoncoind 0.8.5.6-1+b1
2015-04-26 01:47:40 add jessie deb main i386 anoncoin-qt 0.8.5.6-1+b1
2015-04-26 01:47:41 add jessie deb main amd64 syndie 1.105b-1
2015-04-26 01:47:41 add jessie deb main amd64 service-wrapper 3.5.25-1
2015-04-26 01:47:41 add jessie deb main amd64 libservice-wrapper-jni 3.5.25-1
2015-04-26 01:47:41 add jessie deb main amd64 libservice-wrapper-java 3.5.25-1
2015-04-26 01:47:41 add jessie deb main amd64 libservice-wrapper-doc 3.5.25-1
2015-04-26 01:47:41 add jessie deb main amd64 libjbigi-jni 0.9.19-3
2015-04-26 01:47:41 add jessie deb main amd64 killyourtv-keyring 2015.03.27.1
2015-04-26 01:47:41 add jessie deb main amd64 i2pd-dbg 0.9.0-1
2015-04-26 01:47:41 add jessie deb main amd64 i2pd 0.9.0-1
2015-04-26 01:47:41 add jessie deb main amd64 i2p-router 0.9.19-3
2015-04-26 01:47:41 add jessie deb main amd64 i2p-keyring 2014.09.25
2015-04-26 01:47:41 add jessie deb main amd64 i2p-doc 0.9.19-3
2015-04-26 01:47:41 add jessie deb main amd64 i2p 0.9.19-3
2015-04-26 01:47:41 add jessie deb main amd64 anoncoind 0.8.5.6-1+b1
2015-04-26 01:47:41 add jessie deb main amd64 anoncoin-qt 0.8.5.6-1+b1
2015-04-26 01:47:41 add jessie dsc main source syndie 1.105b-1
2015-04-26 01:47:41 add jessie dsc main source service-wrapper-java 3.5.25-1
2015-04-26 01:47:41 add jessie dsc main source killyourtv-keyring 2015.03.27.1
2015-04-26 01:47:41 add jessie dsc main source i2pd 0.9.0-1
2015-04-26 01:47:41 add jessie dsc main source i2p-keyring 2014.09.25
2015-04-26 01:47:41 add jessie dsc main source i2p 0.9.19-3
2015-04-26 01:47:41 add jessie dsc main source anoncoin 0.8.5.6-1
2015-06-03 13:33:36 replace jessie dsc main source i2p 0.9.20-1~deb8u+1 0.9.19-3
2015-06-03 13:33:36 replace jessie deb main amd64 libjbigi-jni 0.9.20-1~deb8u+1 0.9.19-3
2015-06-03 13:33:36 replace jessie deb main i386 i2p 0.9.20-1~deb8u+1 0.9.19-3
2015-06-03 13:33:36 replace jessie deb main amd64 i2p 0.9.20-1~deb8u+1 0.9.19-3
2015-06-03 13:33:36 add jessie deb main armel i2p 0.9.20-1~deb8u+1
2015-06-03 13:33:36 add jessie deb main powerpc i2p 0.9.20-1~deb8u+1
2015-06-03 13:33:36 add jessie deb main armhf i2p 0.9.20-1~deb8u+1
2015-06-03 13:33:36 replace jessie deb main i386 i2p-doc 0.9.20-1~deb8u+1 0.9.19-3
2015-06-03 13:33:36 replace jessie deb main amd64 i2p-doc 0.9.20-1~deb8u+1 0.9.19-3
2015-06-03 13:33:36 add jessie deb main armel i2p-doc 0.9.20-1~deb8u+1
2015-06-03 13:33:36 add jessie deb main powerpc i2p-doc 0.9.20-1~deb8u+1
2015-06-03 13:33:36 add jessie deb main armhf i2p-doc 0.9.20-1~deb8u+1
2015-06-03 13:33:36 replace jessie deb main i386 i2p-router 0.9.20-1~deb8u+1 0.9.19-3
2015-06-03 13:33:36 replace jessie deb main amd64 i2p-router 0.9.20-1~deb8u+1 0.9.19-3
2015-06-03 13:33:36 add jessie deb main armel i2p-router 0.9.20-1~deb8u+1
2015-06-03 13:33:36 add jessie deb main powerpc i2p-router 0.9.20-1~deb8u+1
2015-06-03 13:33:36 add jessie deb main armhf i2p-router 0.9.20-1~deb8u+1
2015-06-03 13:33:59 replace jessie deb main i386 libjbigi-jni 0.9.20-1~deb8u+1 0.9.19-3
2015-06-14 22:23:36 replace jessie dsc main source i2p 0.9.20-2~deb8u+1 0.9.20-1~deb8u+1
2015-06-14 22:23:36 replace jessie deb main amd64 libjbigi-jni 0.9.20-2~deb8u+1 0.9.20-1~deb8u+1
2015-06-14 22:23:36 replace jessie deb main i386 i2p 0.9.20-2~deb8u+1 0.9.20-1~deb8u+1
2015-06-14 22:23:36 replace jessie deb main amd64 i2p 0.9.20-2~deb8u+1 0.9.20-1~deb8u+1
2015-06-14 22:23:36 replace jessie deb main armel i2p 0.9.20-2~deb8u+1 0.9.20-1~deb8u+1
2015-06-14 22:23:36 replace jessie deb main powerpc i2p 0.9.20-2~deb8u+1 0.9.20-1~deb8u+1
2015-06-14 22:23:36 replace jessie deb main armhf i2p 0.9.20-2~deb8u+1 0.9.20-1~deb8u+1
2015-06-14 22:23:36 replace jessie deb main i386 i2p-doc 0.9.20-2~deb8u+1 0.9.20-1~deb8u+1
2015-06-14 22:23:36 replace jessie deb main amd64 i2p-doc 0.9.20-2~deb8u+1 0.9.20-1~deb8u+1
2015-06-14 22:23:36 replace jessie deb main armel i2p-doc 0.9.20-2~deb8u+1 0.9.20-1~deb8u+1
2015-06-14 22:23:36 replace jessie deb main powerpc i2p-doc 0.9.20-2~deb8u+1 0.9.20-1~deb8u+1
2015-06-14 22:23:36 replace jessie deb main armhf i2p-doc 0.9.20-2~deb8u+1 0.9.20-1~deb8u+1
2015-06-14 22:23:36 replace jessie deb main i386 i2p-router 0.9.20-2~deb8u+1 0.9.20-1~deb8u+1
2015-06-14 22:23:36 replace jessie deb main amd64 i2p-router 0.9.20-2~deb8u+1 0.9.20-1~deb8u+1
2015-06-14 22:23:36 replace jessie deb main armel i2p-router 0.9.20-2~deb8u+1 0.9.20-1~deb8u+1
2015-06-14 22:23:36 replace jessie deb main powerpc i2p-router 0.9.20-2~deb8u+1 0.9.20-1~deb8u+1
2015-06-14 22:23:36 replace jessie deb main armhf i2p-router 0.9.20-2~deb8u+1 0.9.20-1~deb8u+1
2015-06-14 22:23:56 replace jessie deb main i386 libjbigi-jni 0.9.20-2~deb8u+1 0.9.20-1~deb8u+1
2015-07-06 22:40:56 replace jessie dsc main source i2pd 0.10.0-1~deb8u+1 0.9.0-1
2015-07-06 22:40:56 replace jessie deb main amd64 i2pd 0.10.0-1~deb8u+1 0.9.0-1
2015-07-06 22:40:56 replace jessie deb main amd64 i2pd-dbg 0.10.0-1~deb8u+1 0.9.0-1
2015-07-06 22:41:49 replace jessie deb main i386 i2pd 0.10.0-1~deb8u+1 0.9.0-1
2015-07-06 22:41:49 replace jessie deb main i386 i2pd-dbg 0.10.0-1~deb8u+1 0.9.0-1
2015-07-07 01:56:47 add jessie deb main armel i2pd 0.10.0-1~deb8u+1
2015-07-07 01:56:47 add jessie deb main armel i2pd-dbg 0.10.0-1~deb8u+1
2015-07-07 01:59:17 add jessie deb main armhf i2pd 0.10.0-1~deb8u+1
2015-07-07 01:59:17 add jessie deb main armhf i2pd-dbg 0.10.0-1~deb8u+1
2015-07-07 15:29:02 add jessie deb rpi armhf i2pd-dbg 0.10.0-1+rpi1
2015-07-07 15:29:02 add jessie deb rpi armhf i2pd 0.10.0-1+rpi1
2015-07-07 15:29:02 add jessie dsc rpi source i2pd 0.10.0-1+rpi1
2015-08-01 03:53:48 replace jessie dsc main source i2p 0.9.21-1~deb8u+1 0.9.20-2~deb8u+1
2015-08-01 03:53:48 replace jessie deb main amd64 libjbigi-jni 0.9.21-1~deb8u+1 0.9.20-2~deb8u+1
2015-08-01 03:53:48 replace jessie deb main i386 i2p 0.9.21-1~deb8u+1 0.9.20-2~deb8u+1
2015-08-01 03:53:48 replace jessie deb main amd64 i2p 0.9.21-1~deb8u+1 0.9.20-2~deb8u+1
2015-08-01 03:53:48 replace jessie deb main armel i2p 0.9.21-1~deb8u+1 0.9.20-2~deb8u+1
2015-08-01 03:53:48 replace jessie deb main powerpc i2p 0.9.21-1~deb8u+1 0.9.20-2~deb8u+1
2015-08-01 03:53:48 replace jessie deb main armhf i2p 0.9.21-1~deb8u+1 0.9.20-2~deb8u+1
2015-08-01 03:53:48 replace jessie deb main i386 i2p-doc 0.9.21-1~deb8u+1 0.9.20-2~deb8u+1
2015-08-01 03:53:48 replace jessie deb main amd64 i2p-doc 0.9.21-1~deb8u+1 0.9.20-2~deb8u+1
2015-08-01 03:53:48 replace jessie deb main armel i2p-doc 0.9.21-1~deb8u+1 0.9.20-2~deb8u+1
2015-08-01 03:53:48 replace jessie deb main powerpc i2p-doc 0.9.21-1~deb8u+1 0.9.20-2~deb8u+1
2015-08-01 03:53:48 replace jessie deb main armhf i2p-doc 0.9.21-1~deb8u+1 0.9.20-2~deb8u+1
2015-08-01 03:53:48 replace jessie deb main i386 i2p-router 0.9.21-1~deb8u+1 0.9.20-2~deb8u+1
2015-08-01 03:53:48 replace jessie deb main amd64 i2p-router 0.9.21-1~deb8u+1 0.9.20-2~deb8u+1
2015-08-01 03:53:48 replace jessie deb main armel i2p-router 0.9.21-1~deb8u+1 0.9.20-2~deb8u+1
2015-08-01 03:53:48 replace jessie deb main powerpc i2p-router 0.9.21-1~deb8u+1 0.9.20-2~deb8u+1
2015-08-01 03:53:48 replace jessie deb main armhf i2p-router 0.9.21-1~deb8u+1 0.9.20-2~deb8u+1
2015-08-01 03:54:08 replace jessie deb main i386 libjbigi-jni 0.9.21-1~deb8u+1 0.9.20-2~deb8u+1
2015-09-13 16:02:11 replace jessie dsc main source i2p 0.9.22-1~deb8u+1 0.9.21-1~deb8u+1
2015-09-13 16:02:11 replace jessie deb main amd64 libjbigi-jni 0.9.22-1~deb8u+1 0.9.21-1~deb8u+1
2015-09-13 16:02:11 replace jessie deb main i386 i2p 0.9.22-1~deb8u+1 0.9.21-1~deb8u+1
2015-09-13 16:02:11 replace jessie deb main amd64 i2p 0.9.22-1~deb8u+1 0.9.21-1~deb8u+1
2015-09-13 16:02:11 replace jessie deb main armel i2p 0.9.22-1~deb8u+1 0.9.21-1~deb8u+1
2015-09-13 16:02:11 replace jessie deb main powerpc i2p 0.9.22-1~deb8u+1 0.9.21-1~deb8u+1
2015-09-13 16:02:11 replace jessie deb main armhf i2p 0.9.22-1~deb8u+1 0.9.21-1~deb8u+1
2015-09-13 16:02:11 replace jessie deb main i386 i2p-doc 0.9.22-1~deb8u+1 0.9.21-1~deb8u+1
2015-09-13 16:02:11 replace jessie deb main amd64 i2p-doc 0.9.22-1~deb8u+1 0.9.21-1~deb8u+1
2015-09-13 16:02:11 replace jessie deb main armel i2p-doc 0.9.22-1~deb8u+1 0.9.21-1~deb8u+1
2015-09-13 16:02:11 replace jessie deb main powerpc i2p-doc 0.9.22-1~deb8u+1 0.9.21-1~deb8u+1
2015-09-13 16:02:11 replace jessie deb main armhf i2p-doc 0.9.22-1~deb8u+1 0.9.21-1~deb8u+1
2015-09-13 16:02:11 replace jessie deb main i386 i2p-router 0.9.22-1~deb8u+1 0.9.21-1~deb8u+1
2015-09-13 16:02:11 replace jessie deb main amd64 i2p-router 0.9.22-1~deb8u+1 0.9.21-1~deb8u+1
2015-09-13 16:02:11 replace jessie deb main armel i2p-router 0.9.22-1~deb8u+1 0.9.21-1~deb8u+1
2015-09-13 16:02:11 replace jessie deb main powerpc i2p-router 0.9.22-1~deb8u+1 0.9.21-1~deb8u+1
2015-09-13 16:02:11 replace jessie deb main armhf i2p-router 0.9.22-1~deb8u+1 0.9.21-1~deb8u+1
2015-09-13 16:02:31 replace jessie deb main i386 libjbigi-jni 0.9.22-1~deb8u+1 0.9.21-1~deb8u+1
2015-10-02 04:24:40 replace jessie deb main i386 i2p-keyring 2015.10.02 2014.09.25
2015-10-02 04:24:40 replace jessie deb main amd64 i2p-keyring 2015.10.02 2014.09.25
2015-10-02 04:24:40 add jessie deb main armel i2p-keyring 2015.10.02
2015-10-02 04:24:40 add jessie deb main armhf i2p-keyring 2015.10.02
2015-10-02 04:24:40 replace jessie dsc main source i2p-keyring 2015.10.02 2014.09.25
2015-10-02 04:37:55 replace jessie deb main i386 i2p-keyring 2015.10.02.1 2015.10.02
2015-10-02 04:37:55 replace jessie deb main amd64 i2p-keyring 2015.10.02.1 2015.10.02
2015-10-02 04:37:55 replace jessie deb main armel i2p-keyring 2015.10.02.1 2015.10.02
2015-10-02 04:37:55 replace jessie deb main armhf i2p-keyring 2015.10.02.1 2015.10.02
2015-10-02 04:37:55 replace jessie dsc main source i2p-keyring 2015.10.02.1 2015.10.02
2015-11-20 02:29:55 replace jessie dsc main source i2p 0.9.23-1~deb8u+1 0.9.22-1~deb8u+1
2015-11-20 02:29:55 replace jessie deb main amd64 libjbigi-jni 0.9.23-1~deb8u+1 0.9.22-1~deb8u+1
2015-11-20 02:29:55 replace jessie deb main i386 i2p 0.9.23-1~deb8u+1 0.9.22-1~deb8u+1
2015-11-20 02:29:55 replace jessie deb main amd64 i2p 0.9.23-1~deb8u+1 0.9.22-1~deb8u+1
2015-11-20 02:29:55 replace jessie deb main armel i2p 0.9.23-1~deb8u+1 0.9.22-1~deb8u+1
2015-11-20 02:29:55 replace jessie deb main powerpc i2p 0.9.23-1~deb8u+1 0.9.22-1~deb8u+1
2015-11-20 02:29:55 replace jessie deb main armhf i2p 0.9.23-1~deb8u+1 0.9.22-1~deb8u+1
2015-11-20 02:29:55 replace jessie deb main i386 i2p-doc 0.9.23-1~deb8u+1 0.9.22-1~deb8u+1
2015-11-20 02:29:55 replace jessie deb main amd64 i2p-doc 0.9.23-1~deb8u+1 0.9.22-1~deb8u+1
2015-11-20 02:29:55 replace jessie deb main armel i2p-doc 0.9.23-1~deb8u+1 0.9.22-1~deb8u+1
2015-11-20 02:29:55 replace jessie deb main powerpc i2p-doc 0.9.23-1~deb8u+1 0.9.22-1~deb8u+1
2015-11-20 02:29:55 replace jessie deb main armhf i2p-doc 0.9.23-1~deb8u+1 0.9.22-1~deb8u+1
2015-11-20 02:29:55 replace jessie deb main i386 i2p-router 0.9.23-1~deb8u+1 0.9.22-1~deb8u+1
2015-11-20 02:29:55 replace jessie deb main amd64 i2p-router 0.9.23-1~deb8u+1 0.9.22-1~deb8u+1
2015-11-20 02:29:55 replace jessie deb main armel i2p-router 0.9.23-1~deb8u+1 0.9.22-1~deb8u+1
2015-11-20 02:29:55 replace jessie deb main powerpc i2p-router 0.9.23-1~deb8u+1 0.9.22-1~deb8u+1
2015-11-20 02:29:55 replace jessie deb main armhf i2p-router 0.9.23-1~deb8u+1 0.9.22-1~deb8u+1
2015-11-20 02:30:14 replace jessie deb main i386 libjbigi-jni 0.9.23-1~deb8u+1 0.9.22-1~deb8u+1
2015-11-26 12:23:24 replace jessie dsc main source i2pd 2.1.0+git20151124-1~deb8u+1 0.10.0-1~deb8u+1
2015-11-26 12:23:24 replace jessie deb main amd64 i2pd 2.1.0+git20151124-1~deb8u+1 0.10.0-1~deb8u+1
2015-11-26 12:23:24 replace jessie deb main amd64 i2pd-dbg 2.1.0+git20151124-1~deb8u+1 0.10.0-1~deb8u+1
2015-11-26 12:23:45 replace jessie deb main i386 i2pd 2.1.0+git20151124-1~deb8u+1 0.10.0-1~deb8u+1
2015-11-26 12:23:45 replace jessie deb main i386 i2pd-dbg 2.1.0+git20151124-1~deb8u+1 0.10.0-1~deb8u+1
2015-11-26 12:24:08 replace jessie deb main armel i2pd 2.1.0+git20151124-1~deb8u+1 0.10.0-1~deb8u+1
2015-11-26 12:24:08 replace jessie deb main armel i2pd-dbg 2.1.0+git20151124-1~deb8u+1 0.10.0-1~deb8u+1
2015-11-26 12:24:28 replace jessie deb main armhf i2pd 2.1.0+git20151124-1~deb8u+1 0.10.0-1~deb8u+1
2015-11-26 12:24:28 replace jessie deb main armhf i2pd-dbg 2.1.0+git20151124-1~deb8u+1 0.10.0-1~deb8u+1
2015-11-27 16:23:23 replace jessie dsc main source i2pd 2.1.0+git20151126.r1995-1~deb8u+1 2.1.0+git20151124-1~deb8u+1
2015-11-27 16:23:23 replace jessie deb main amd64 i2pd 2.1.0+git20151126.r1995-1~deb8u+1 2.1.0+git20151124-1~deb8u+1
2015-11-27 16:23:23 replace jessie deb main amd64 i2pd-dbg 2.1.0+git20151126.r1995-1~deb8u+1 2.1.0+git20151124-1~deb8u+1
2015-11-27 16:24:02 replace jessie deb main i386 i2pd 2.1.0+git20151126.r1995-1~deb7u+1 2.1.0+git20151124-1~deb8u+1
2015-11-27 16:24:02 replace jessie deb main i386 i2pd-dbg 2.1.0+git20151126.r1995-1~deb7u+1 2.1.0+git20151124-1~deb8u+1
2015-11-27 16:24:31 replace jessie deb main i386 i2pd 2.1.0+git20151126.r1995-1~deb8u+1 2.1.0+git20151126.r1995-1~deb7u+1
2015-11-27 16:24:31 replace jessie deb main i386 i2pd-dbg 2.1.0+git20151126.r1995-1~deb8u+1 2.1.0+git20151126.r1995-1~deb7u+1
2015-11-27 16:24:55 replace jessie deb main armel i2pd 2.1.0+git20151126.r1995-1~deb7u+1 2.1.0+git20151124-1~deb8u+1
2015-11-27 16:24:55 replace jessie deb main armel i2pd-dbg 2.1.0+git20151126.r1995-1~deb7u+1 2.1.0+git20151124-1~deb8u+1
2015-11-27 16:25:17 replace jessie deb main armel i2pd 2.1.0+git20151126.r1995-1~deb8u+1 2.1.0+git20151126.r1995-1~deb7u+1
2015-11-27 16:25:17 replace jessie deb main armel i2pd-dbg 2.1.0+git20151126.r1995-1~deb8u+1 2.1.0+git20151126.r1995-1~deb7u+1
2015-11-27 16:25:45 replace jessie deb main armhf i2pd 2.1.0+git20151126.r1995-1~deb7u+1 2.1.0+git20151124-1~deb8u+1
2015-11-27 16:25:45 replace jessie deb main armhf i2pd-dbg 2.1.0+git20151126.r1995-1~deb7u+1 2.1.0+git20151124-1~deb8u+1
2015-11-27 16:26:10 replace jessie deb main armhf i2pd 2.1.0+git20151126.r1995-1~deb8u+1 2.1.0+git20151126.r1995-1~deb7u+1
2015-11-27 16:26:11 replace jessie deb main armhf i2pd-dbg 2.1.0+git20151126.r1995-1~deb8u+1 2.1.0+git20151126.r1995-1~deb7u+1
2015-11-29 02:13:57 replace jessie deb rpi armhf i2pd-dbg 2.1.0+git20151126.r1995-1+rpi1 0.10.0-1+rpi1
2015-11-29 02:13:57 replace jessie deb rpi armhf i2pd 2.1.0+git20151126.r1995-1+rpi1 0.10.0-1+rpi1
2015-11-29 02:13:57 replace jessie dsc rpi source i2pd 2.1.0+git20151126.r1995-1+rpi1 0.10.0-1+rpi1
2015-12-06 18:32:34 replace jessie dsc main source i2p 0.9.23-2~deb8u+1 0.9.23-1~deb8u+1
2015-12-06 18:32:34 replace jessie deb main amd64 libjbigi-jni 0.9.23-2~deb8u+1 0.9.23-1~deb8u+1
2015-12-06 18:32:34 replace jessie deb main i386 i2p 0.9.23-2~deb8u+1 0.9.23-1~deb8u+1
2015-12-06 18:32:34 replace jessie deb main amd64 i2p 0.9.23-2~deb8u+1 0.9.23-1~deb8u+1
2015-12-06 18:32:34 replace jessie deb main armel i2p 0.9.23-2~deb8u+1 0.9.23-1~deb8u+1
2015-12-06 18:32:34 replace jessie deb main powerpc i2p 0.9.23-2~deb8u+1 0.9.23-1~deb8u+1
2015-12-06 18:32:34 replace jessie deb main armhf i2p 0.9.23-2~deb8u+1 0.9.23-1~deb8u+1
2015-12-06 18:32:34 replace jessie deb main i386 i2p-doc 0.9.23-2~deb8u+1 0.9.23-1~deb8u+1
2015-12-06 18:32:34 replace jessie deb main amd64 i2p-doc 0.9.23-2~deb8u+1 0.9.23-1~deb8u+1
2015-12-06 18:32:34 replace jessie deb main armel i2p-doc 0.9.23-2~deb8u+1 0.9.23-1~deb8u+1
2015-12-06 18:32:34 replace jessie deb main powerpc i2p-doc 0.9.23-2~deb8u+1 0.9.23-1~deb8u+1
2015-12-06 18:32:34 replace jessie deb main armhf i2p-doc 0.9.23-2~deb8u+1 0.9.23-1~deb8u+1
2015-12-06 18:32:34 replace jessie deb main i386 i2p-router 0.9.23-2~deb8u+1 0.9.23-1~deb8u+1
2015-12-06 18:32:34 replace jessie deb main amd64 i2p-router 0.9.23-2~deb8u+1 0.9.23-1~deb8u+1
2015-12-06 18:32:34 replace jessie deb main armel i2p-router 0.9.23-2~deb8u+1 0.9.23-1~deb8u+1
2015-12-06 18:32:34 replace jessie deb main powerpc i2p-router 0.9.23-2~deb8u+1 0.9.23-1~deb8u+1
2015-12-06 18:32:34 replace jessie deb main armhf i2p-router 0.9.23-2~deb8u+1 0.9.23-1~deb8u+1
2015-12-06 18:32:52 replace jessie deb main i386 libjbigi-jni 0.9.23-2~deb8u+1 0.9.23-1~deb8u+1
2015-12-07 06:24:04 replace jessie dsc main source i2pd 2.1.0+git20151204.r2031-1~deb8u+1 2.1.0+git20151126.r1995-1~deb8u+1
2015-12-07 06:24:04 replace jessie deb main amd64 i2pd 2.1.0+git20151204.r2031-1~deb8u+1 2.1.0+git20151126.r1995-1~deb8u+1
2015-12-07 06:24:04 replace jessie deb main amd64 i2pd-dbg 2.1.0+git20151204.r2031-1~deb8u+1 2.1.0+git20151126.r1995-1~deb8u+1
2015-12-07 06:24:18 replace jessie deb main i386 i2pd 2.1.0+git20151204.r2031-1~deb8u+1 2.1.0+git20151126.r1995-1~deb8u+1
2015-12-07 06:24:18 replace jessie deb main i386 i2pd-dbg 2.1.0+git20151204.r2031-1~deb8u+1 2.1.0+git20151126.r1995-1~deb8u+1
2015-12-07 06:24:31 replace jessie deb main armel i2pd 2.1.0+git20151204.r2031-1~deb8u+1 2.1.0+git20151126.r1995-1~deb8u+1
2015-12-07 06:24:31 replace jessie deb main armel i2pd-dbg 2.1.0+git20151204.r2031-1~deb8u+1 2.1.0+git20151126.r1995-1~deb8u+1
2015-12-07 06:24:44 replace jessie deb main armhf i2pd 2.1.0+git20151204.r2031-1~deb8u+1 2.1.0+git20151126.r1995-1~deb8u+1
2015-12-07 06:24:44 replace jessie deb main armhf i2pd-dbg 2.1.0+git20151204.r2031-1~deb8u+1 2.1.0+git20151126.r1995-1~deb8u+1
2015-12-19 01:11:49 remove jessie deb main i386 i2pd 2.1.0+git20151204.r2031-1~deb8u+1
2015-12-19 01:11:49 remove jessie deb main i386 i2pd-dbg 2.1.0+git20151204.r2031-1~deb8u+1
2015-12-19 01:11:49 remove jessie deb main amd64 i2pd 2.1.0+git20151204.r2031-1~deb8u+1
2015-12-19 01:11:49 remove jessie deb main amd64 i2pd-dbg 2.1.0+git20151204.r2031-1~deb8u+1
2015-12-19 01:11:49 remove jessie deb main armel i2pd 2.1.0+git20151204.r2031-1~deb8u+1
2015-12-19 01:11:49 remove jessie deb main armel i2pd-dbg 2.1.0+git20151204.r2031-1~deb8u+1
2015-12-19 01:11:49 remove jessie deb main armhf i2pd 2.1.0+git20151204.r2031-1~deb8u+1
2015-12-19 01:11:49 remove jessie deb main armhf i2pd-dbg 2.1.0+git20151204.r2031-1~deb8u+1
2015-12-19 01:11:49 remove jessie dsc main source i2pd 2.1.0+git20151204.r2031-1~deb8u+1
2015-12-19 01:11:49 remove jessie deb rpi armhf i2pd 2.1.0+git20151126.r1995-1+rpi1
2015-12-19 01:11:49 remove jessie deb rpi armhf i2pd-dbg 2.1.0+git20151126.r1995-1+rpi1
2015-12-19 01:11:49 remove jessie dsc rpi source i2pd 2.1.0+git20151126.r1995-1+rpi1
2016-01-30 19:40:24 replace jessie dsc main source i2p 0.9.24-1~deb8u+1 0.9.23-2~deb8u+1
2016-01-30 19:40:24 replace jessie deb main amd64 libjbigi-jni 0.9.24-1~deb8u+1 0.9.23-2~deb8u+1
2016-01-30 19:40:24 replace jessie deb main i386 i2p 0.9.24-1~deb8u+1 0.9.23-2~deb8u+1
2016-01-30 19:40:24 replace jessie deb main amd64 i2p 0.9.24-1~deb8u+1 0.9.23-2~deb8u+1
2016-01-30 19:40:24 replace jessie deb main armel i2p 0.9.24-1~deb8u+1 0.9.23-2~deb8u+1
2016-01-30 19:40:24 replace jessie deb main powerpc i2p 0.9.24-1~deb8u+1 0.9.23-2~deb8u+1
2016-01-30 19:40:24 replace jessie deb main armhf i2p 0.9.24-1~deb8u+1 0.9.23-2~deb8u+1
2016-01-30 19:40:24 replace jessie deb main i386 i2p-doc 0.9.24-1~deb8u+1 0.9.23-2~deb8u+1
2016-01-30 19:40:24 replace jessie deb main amd64 i2p-doc 0.9.24-1~deb8u+1 0.9.23-2~deb8u+1
2016-01-30 19:40:24 replace jessie deb main armel i2p-doc 0.9.24-1~deb8u+1 0.9.23-2~deb8u+1
2016-01-30 19:40:24 replace jessie deb main powerpc i2p-doc 0.9.24-1~deb8u+1 0.9.23-2~deb8u+1
2016-01-30 19:40:24 replace jessie deb main armhf i2p-doc 0.9.24-1~deb8u+1 0.9.23-2~deb8u+1
2016-01-30 19:40:24 replace jessie deb main i386 i2p-router 0.9.24-1~deb8u+1 0.9.23-2~deb8u+1
2016-01-30 19:40:24 replace jessie deb main amd64 i2p-router 0.9.24-1~deb8u+1 0.9.23-2~deb8u+1
2016-01-30 19:40:24 replace jessie deb main armel i2p-router 0.9.24-1~deb8u+1 0.9.23-2~deb8u+1
2016-01-30 19:40:24 replace jessie deb main powerpc i2p-router 0.9.24-1~deb8u+1 0.9.23-2~deb8u+1
2016-01-30 19:40:24 replace jessie deb main armhf i2p-router 0.9.24-1~deb8u+1 0.9.23-2~deb8u+1
2016-01-30 19:42:57 replace jessie deb main i386 libjbigi-jni 0.9.24-1~deb8u+1 0.9.23-2~deb8u+1
2016-03-31 18:54:04 replace jessie deb main i386 i2p-doc 0.9.25-1~deb8u+1 0.9.24-1~deb8u+1
2016-03-31 18:54:04 replace jessie deb main amd64 i2p-doc 0.9.25-1~deb8u+1 0.9.24-1~deb8u+1
2016-03-31 18:54:04 replace jessie deb main armel i2p-doc 0.9.25-1~deb8u+1 0.9.24-1~deb8u+1
2016-03-31 18:54:04 replace jessie deb main powerpc i2p-doc 0.9.25-1~deb8u+1 0.9.24-1~deb8u+1
2016-03-31 18:54:04 replace jessie deb main armhf i2p-doc 0.9.25-1~deb8u+1 0.9.24-1~deb8u+1
2016-03-31 18:54:52 replace jessie deb main i386 i2p-router 0.9.25-1~deb8u+1 0.9.24-1~deb8u+1
2016-03-31 18:54:52 replace jessie deb main amd64 i2p-router 0.9.25-1~deb8u+1 0.9.24-1~deb8u+1
2016-03-31 18:54:52 replace jessie deb main armel i2p-router 0.9.25-1~deb8u+1 0.9.24-1~deb8u+1
2016-03-31 18:54:52 replace jessie deb main powerpc i2p-router 0.9.25-1~deb8u+1 0.9.24-1~deb8u+1
2016-03-31 18:54:52 replace jessie deb main armhf i2p-router 0.9.25-1~deb8u+1 0.9.24-1~deb8u+1
2016-03-31 18:56:02 replace jessie deb main amd64 libjbigi-jni 0.9.25-1~deb8u+1 0.9.24-1~deb8u+1
2016-03-31 18:56:31 replace jessie deb main i386 i2p 0.9.25-1~deb8u+1 0.9.24-1~deb8u+1
2016-03-31 18:56:31 replace jessie deb main amd64 i2p 0.9.25-1~deb8u+1 0.9.24-1~deb8u+1
2016-03-31 18:56:31 replace jessie deb main armel i2p 0.9.25-1~deb8u+1 0.9.24-1~deb8u+1
2016-03-31 18:56:31 replace jessie deb main powerpc i2p 0.9.25-1~deb8u+1 0.9.24-1~deb8u+1
2016-03-31 18:56:31 replace jessie deb main armhf i2p 0.9.25-1~deb8u+1 0.9.24-1~deb8u+1
2016-03-31 19:00:13 replace jessie dsc main source i2p 0.9.25-1~deb8u+1 0.9.24-1~deb8u+1
2016-04-07 18:20:36 add jessie deb main armel libjbigi-jni 0.9.19-1~deb7u+1
2016-04-07 18:21:00 add jessie deb main armhf libjbigi-jni 0.9.20-2~deb7u+1
2016-04-07 18:21:16 add jessie deb main powerpc libjbigi-jni 0.9.19-1~deb7u+1
2016-06-08 18:23:39 replace jessie deb main i386 i2p-doc 0.9.26-1~deb8u+1 0.9.25-1~deb8u+1
2016-06-08 18:23:39 replace jessie deb main amd64 i2p-doc 0.9.26-1~deb8u+1 0.9.25-1~deb8u+1
2016-06-08 18:23:39 replace jessie deb main armel i2p-doc 0.9.26-1~deb8u+1 0.9.25-1~deb8u+1
2016-06-08 18:23:39 replace jessie deb main powerpc i2p-doc 0.9.26-1~deb8u+1 0.9.25-1~deb8u+1
2016-06-08 18:23:39 replace jessie deb main armhf i2p-doc 0.9.26-1~deb8u+1 0.9.25-1~deb8u+1
2016-06-08 18:24:05 replace jessie deb main i386 i2p-router 0.9.26-1~deb8u+1 0.9.25-1~deb8u+1
2016-06-08 18:24:05 replace jessie deb main amd64 i2p-router 0.9.26-1~deb8u+1 0.9.25-1~deb8u+1
2016-06-08 18:24:05 replace jessie deb main armel i2p-router 0.9.26-1~deb8u+1 0.9.25-1~deb8u+1
2016-06-08 18:24:05 replace jessie deb main powerpc i2p-router 0.9.26-1~deb8u+1 0.9.25-1~deb8u+1
2016-06-08 18:24:05 replace jessie deb main armhf i2p-router 0.9.26-1~deb8u+1 0.9.25-1~deb8u+1
2016-06-08 18:24:21 replace jessie deb main amd64 libjbigi-jni 0.9.26-1~deb8u+1 0.9.25-1~deb8u+1
2016-06-08 18:24:43 replace jessie deb main i386 i2p 0.9.26-1~deb8u+1 0.9.25-1~deb8u+1
2016-06-08 18:24:43 replace jessie deb main amd64 i2p 0.9.26-1~deb8u+1 0.9.25-1~deb8u+1
2016-06-08 18:24:43 replace jessie deb main armel i2p 0.9.26-1~deb8u+1 0.9.25-1~deb8u+1
2016-06-08 18:24:43 replace jessie deb main powerpc i2p 0.9.26-1~deb8u+1 0.9.25-1~deb8u+1
2016-06-08 18:24:43 replace jessie deb main armhf i2p 0.9.26-1~deb8u+1 0.9.25-1~deb8u+1
2016-08-31 20:50:12 replace jessie dsc main source i2p 0.9.26-1~deb8u+1 0.9.25-1~deb8u+1
2016-08-31 20:59:31 replace jessie deb main i386 libjbigi-jni 0.9.26-1ubuntu1 0.9.24-1~deb8u+1
2016-10-01 21:30:09 replace jessie deb main i386 i2p-keyring 2016.10.01 2015.10.02.1
2016-10-01 21:30:09 replace jessie deb main amd64 i2p-keyring 2016.10.01 2015.10.02.1
2016-10-01 21:30:09 replace jessie deb main armel i2p-keyring 2016.10.01 2015.10.02.1
2016-10-01 21:30:09 add jessie deb main powerpc i2p-keyring 2016.10.01
2016-10-01 21:30:09 replace jessie deb main armhf i2p-keyring 2016.10.01 2015.10.02.1
2016-10-01 21:33:14 replace jessie dsc main source i2p-keyring 2016.10.01 2015.10.02.1
2016-10-18 16:07:35 replace jessie deb main i386 i2p 0.9.27-1~deb8u+1 0.9.26-1~deb8u+1
2016-10-18 16:07:35 replace jessie deb main amd64 i2p 0.9.27-1~deb8u+1 0.9.26-1~deb8u+1
2016-10-18 16:07:35 replace jessie deb main armel i2p 0.9.27-1~deb8u+1 0.9.26-1~deb8u+1
2016-10-18 16:07:35 replace jessie deb main powerpc i2p 0.9.27-1~deb8u+1 0.9.26-1~deb8u+1
2016-10-18 16:07:35 replace jessie deb main armhf i2p 0.9.27-1~deb8u+1 0.9.26-1~deb8u+1
2016-10-18 16:07:43 replace jessie deb main i386 i2p-doc 0.9.27-1~deb8u+1 0.9.26-1~deb8u+1
2016-10-18 16:07:43 replace jessie deb main amd64 i2p-doc 0.9.27-1~deb8u+1 0.9.26-1~deb8u+1
2016-10-18 16:07:43 replace jessie deb main armel i2p-doc 0.9.27-1~deb8u+1 0.9.26-1~deb8u+1
2016-10-18 16:07:43 replace jessie deb main powerpc i2p-doc 0.9.27-1~deb8u+1 0.9.26-1~deb8u+1
2016-10-18 16:07:43 replace jessie deb main armhf i2p-doc 0.9.27-1~deb8u+1 0.9.26-1~deb8u+1
2016-10-18 16:07:50 replace jessie deb main i386 i2p-router 0.9.27-1~deb8u+1 0.9.26-1~deb8u+1
2016-10-18 16:07:50 replace jessie deb main amd64 i2p-router 0.9.27-1~deb8u+1 0.9.26-1~deb8u+1
2016-10-18 16:07:50 replace jessie deb main armel i2p-router 0.9.27-1~deb8u+1 0.9.26-1~deb8u+1
2016-10-18 16:07:50 replace jessie deb main powerpc i2p-router 0.9.27-1~deb8u+1 0.9.26-1~deb8u+1
2016-10-18 16:07:50 replace jessie deb main armhf i2p-router 0.9.27-1~deb8u+1 0.9.26-1~deb8u+1
2016-10-18 16:07:57 replace jessie deb main amd64 libjbigi-jni 0.9.27-1~deb8u+1 0.9.26-1~deb8u+1
2016-10-18 16:08:10 replace jessie dsc main source i2p 0.9.27-1~deb8u+1 0.9.26-1~deb8u+1
2016-10-18 16:20:46 replace jessie deb main i386 libjbigi-jni 0.9.27-1-1ubuntu1 0.9.26-1ubuntu1
2016-10-19 23:16:09 replace jessie deb main i386 syndie 1.107b-2ubuntu1 1.105b-1
2016-10-19 23:16:09 replace jessie deb main amd64 syndie 1.107b-2ubuntu1 1.105b-1
2016-10-19 23:16:09 replace jessie dsc main source syndie 1.107b-2ubuntu1 1.105b-1
2016-10-19 23:30:06 add jessie deb main armel killyourtv-keyring 2015.03.27.1
2016-10-19 23:30:06 add jessie deb main armel libservice-wrapper-doc 3.5.25-1
2016-10-19 23:30:06 add jessie deb main armel libservice-wrapper-java 3.5.25-1
2016-10-19 23:30:06 add jessie deb main armel syndie 1.107b-2ubuntu1
2016-10-19 23:30:11 add jessie deb main armhf killyourtv-keyring 2015.03.27.1
2016-10-19 23:30:11 add jessie deb main armhf libservice-wrapper-doc 3.5.25-1
2016-10-19 23:30:11 add jessie deb main armhf libservice-wrapper-java 3.5.25-1
2016-10-19 23:30:11 add jessie deb main armhf syndie 1.107b-2ubuntu1
2016-10-19 23:30:21 add jessie deb main powerpc killyourtv-keyring 2015.03.27.1
2016-10-19 23:30:21 add jessie deb main powerpc libservice-wrapper-doc 3.5.25-1
2016-10-19 23:30:21 add jessie deb main powerpc libservice-wrapper-java 3.5.25-1
2016-10-19 23:30:21 add jessie deb main powerpc syndie 1.107b-2ubuntu1
2016-10-31 15:08:33 add jessie deb main powerpc libservice-wrapper-jni 3.5.25-1~deb7u+1
2016-10-31 15:09:54 add jessie deb main armel libservice-wrapper-jni 3.5.25-1~deb7u+1
2016-10-31 15:10:27 add jessie deb main armhf libservice-wrapper-jni 3.5.25-1~deb7u+1
2016-10-31 15:20:31 add jessie deb main powerpc service-wrapper 3.5.25-1~deb7u+1
2016-10-31 15:20:46 add jessie deb main armhf service-wrapper 3.5.25-1~deb7u+1
2016-10-31 15:21:10 add jessie deb main armel service-wrapper 3.5.25-1~deb7u+1
2016-12-14 17:48:25 replace jessie deb main i386 libjbigi-jni 0.9.28-1ubuntu1 0.9.27-1-1ubuntu1
2016-12-14 17:48:25 replace jessie deb main i386 i2p-router 0.9.28-1ubuntu1 0.9.27-1~deb8u+1
2016-12-14 17:48:25 replace jessie deb main i386 i2p-doc 0.9.28-1ubuntu1 0.9.27-1~deb8u+1
2016-12-14 17:48:25 replace jessie deb main i386 i2p 0.9.28-1ubuntu1 0.9.27-1~deb8u+1
2016-12-14 17:48:25 replace jessie deb main amd64 libjbigi-jni 0.9.28-1ubuntu1 0.9.27-1~deb8u+1
2016-12-14 17:48:25 replace jessie deb main amd64 i2p-router 0.9.28-1ubuntu1 0.9.27-1~deb8u+1
2016-12-14 17:48:25 replace jessie deb main amd64 i2p-doc 0.9.28-1ubuntu1 0.9.27-1~deb8u+1
2016-12-14 17:48:25 replace jessie deb main amd64 i2p 0.9.28-1ubuntu1 0.9.27-1~deb8u+1
2016-12-14 17:48:25 replace jessie dsc main source i2p 0.9.28-1ubuntu1 0.9.27-1~deb8u+1
2016-12-14 22:16:02 replace jessie deb main armhf libservice-wrapper-java 3.5.25-1~deb7u+1 3.5.25-1
2016-12-14 22:16:31 replace jessie deb main armel libservice-wrapper-java 3.5.25-1~deb7u+1 3.5.25-1
2016-12-14 22:16:52 replace jessie deb main powerpc libservice-wrapper-java 3.5.25-1~deb7u+1 3.5.25-1
2016-12-16 22:37:33 replace jessie deb main powerpc i2p-doc 0.9.28-1ubuntu1 0.9.27-1~deb8u+1
2016-12-16 22:38:28 replace jessie deb main armel i2p-doc 0.9.28-1ubuntu1 0.9.27-1~deb8u+1
2016-12-16 22:38:28 replace jessie deb main armhf i2p-doc 0.9.28-1ubuntu1 0.9.27-1~deb8u+1
2016-12-16 22:39:35 replace jessie deb main armel i2p-router 0.9.28-1ubuntu1 0.9.27-1~deb8u+1
2016-12-16 22:39:35 replace jessie deb main powerpc i2p-router 0.9.28-1ubuntu1 0.9.27-1~deb8u+1
2016-12-16 22:39:35 replace jessie deb main armhf i2p-router 0.9.28-1ubuntu1 0.9.27-1~deb8u+1
2016-12-16 22:40:10 replace jessie deb main armel i2p 0.9.28-1ubuntu1 0.9.27-1~deb8u+1
2016-12-16 22:40:10 replace jessie deb main powerpc i2p 0.9.28-1ubuntu1 0.9.27-1~deb8u+1
2016-12-16 22:40:10 replace jessie deb main armhf i2p 0.9.28-1ubuntu1 0.9.27-1~deb8u+1
2017-03-01 18:15:21 replace jessie deb main i386 libjbigi-jni 0.9.29-1ubuntu1 0.9.28-1ubuntu1
2017-03-01 18:15:21 replace jessie deb main i386 i2p-router 0.9.29-1ubuntu1 0.9.28-1ubuntu1
2017-03-01 18:15:21 replace jessie deb main i386 i2p-doc 0.9.29-1ubuntu1 0.9.28-1ubuntu1
2017-03-01 18:15:21 replace jessie deb main i386 i2p 0.9.29-1ubuntu1 0.9.28-1ubuntu1
2017-03-01 18:15:21 replace jessie deb main amd64 libjbigi-jni 0.9.29-1ubuntu1 0.9.28-1ubuntu1
2017-03-01 18:15:21 replace jessie deb main amd64 i2p-router 0.9.29-1ubuntu1 0.9.28-1ubuntu1
2017-03-01 18:15:21 replace jessie deb main amd64 i2p-doc 0.9.29-1ubuntu1 0.9.28-1ubuntu1
2017-03-01 18:15:21 replace jessie deb main amd64 i2p 0.9.29-1ubuntu1 0.9.28-1ubuntu1
2017-03-01 18:15:21 replace jessie dsc main source i2p 0.9.29-1ubuntu1 0.9.28-1ubuntu1
2017-03-01 18:36:07 replace jessie deb main armel i2p-router 0.9.29-1ubuntu1 0.9.28-1ubuntu1
2017-03-01 18:36:07 replace jessie deb main powerpc i2p-router 0.9.29-1ubuntu1 0.9.28-1ubuntu1
2017-03-01 18:36:07 replace jessie deb main armhf i2p-router 0.9.29-1ubuntu1 0.9.28-1ubuntu1
2017-03-01 18:36:25 replace jessie deb main armel i2p 0.9.29-1ubuntu1 0.9.28-1ubuntu1
2017-03-01 18:36:25 replace jessie deb main powerpc i2p 0.9.29-1ubuntu1 0.9.28-1ubuntu1
2017-03-01 18:36:25 replace jessie deb main armhf i2p 0.9.29-1ubuntu1 0.9.28-1ubuntu1
2017-03-01 18:42:04 replace jessie deb main armel i2p-doc 0.9.29-1ubuntu1 0.9.28-1ubuntu1
2017-03-01 18:42:04 replace jessie deb main powerpc i2p-doc 0.9.29-1ubuntu1 0.9.28-1ubuntu1
2017-03-01 18:42:04 replace jessie deb main armhf i2p-doc 0.9.29-1ubuntu1 0.9.28-1ubuntu1
2017-05-04 14:49:08 replace jessie deb main i386 libjbigi-jni 0.9.30p-1~precise+1 0.9.29-1ubuntu1
2017-05-04 14:49:08 replace jessie deb main i386 i2p-router 0.9.30p-1~precise+1 0.9.29-1ubuntu1
2017-05-04 14:49:08 replace jessie deb main i386 i2p-doc 0.9.30p-1~precise+1 0.9.29-1ubuntu1
2017-05-04 14:49:08 replace jessie deb main i386 i2p 0.9.30p-1~precise+1 0.9.29-1ubuntu1
2017-05-04 14:49:08 replace jessie deb main amd64 libjbigi-jni 0.9.30p-1~precise+1 0.9.29-1ubuntu1
2017-05-04 14:49:08 replace jessie deb main amd64 i2p-router 0.9.30p-1~precise+1 0.9.29-1ubuntu1
2017-05-04 14:49:08 replace jessie deb main amd64 i2p-doc 0.9.30p-1~precise+1 0.9.29-1ubuntu1
2017-05-04 14:49:08 replace jessie deb main amd64 i2p 0.9.30p-1~precise+1 0.9.29-1ubuntu1
2017-05-04 14:49:08 replace jessie dsc main source i2p 0.9.30p-1~precise+1 0.9.29-1ubuntu1
2017-05-04 15:08:56 replace jessie deb main armel i2p 0.9.30p-1~precise+1 0.9.29-1ubuntu1
2017-05-04 15:08:56 replace jessie deb main powerpc i2p 0.9.30p-1~precise+1 0.9.29-1ubuntu1
2017-05-04 15:08:56 replace jessie deb main armhf i2p 0.9.30p-1~precise+1 0.9.29-1ubuntu1
2017-05-04 15:09:14 replace jessie deb main armel i2p-doc 0.9.30p-1~precise+1 0.9.29-1ubuntu1
2017-05-04 15:09:14 replace jessie deb main powerpc i2p-doc 0.9.30p-1~precise+1 0.9.29-1ubuntu1
2017-05-04 15:09:14 replace jessie deb main armhf i2p-doc 0.9.30p-1~precise+1 0.9.29-1ubuntu1
2017-05-04 15:09:32 replace jessie deb main armel i2p-router 0.9.30p-1~precise+1 0.9.29-1ubuntu1
2017-05-04 15:09:32 replace jessie deb main powerpc i2p-router 0.9.30p-1~precise+1 0.9.29-1ubuntu1
2017-05-04 15:09:32 replace jessie deb main armhf i2p-router 0.9.30p-1~precise+1 0.9.29-1ubuntu1
2017-05-10 15:37:15 replace jessie deb main i386 libjbigi-jni 0.9.30p-2~trusty+1 0.9.30p-1~precise+1
2017-05-10 15:37:15 replace jessie deb main i386 i2p-router 0.9.30p-2~trusty+1 0.9.30p-1~precise+1
2017-05-10 15:37:15 replace jessie deb main i386 i2p-doc 0.9.30p-2~trusty+1 0.9.30p-1~precise+1
2017-05-10 15:37:15 replace jessie deb main i386 i2p 0.9.30p-2~trusty+1 0.9.30p-1~precise+1
2017-05-10 15:37:15 replace jessie deb main amd64 libjbigi-jni 0.9.30p-2~trusty+1 0.9.30p-1~precise+1
2017-05-10 15:37:15 replace jessie deb main amd64 i2p-router 0.9.30p-2~trusty+1 0.9.30p-1~precise+1
2017-05-10 15:37:15 replace jessie deb main amd64 i2p-doc 0.9.30p-2~trusty+1 0.9.30p-1~precise+1
2017-05-10 15:37:15 replace jessie deb main amd64 i2p 0.9.30p-2~trusty+1 0.9.30p-1~precise+1
2017-05-10 15:37:15 replace jessie dsc main source i2p 0.9.30p-2~trusty+1 0.9.30p-1~precise+1
2017-05-10 15:39:26 replace jessie deb main armel i2p 0.9.30p-2~trusty+1 0.9.30p-1~precise+1
2017-05-10 15:39:26 replace jessie deb main powerpc i2p 0.9.30p-2~trusty+1 0.9.30p-1~precise+1
2017-05-10 15:39:26 replace jessie deb main armhf i2p 0.9.30p-2~trusty+1 0.9.30p-1~precise+1
2017-05-10 15:39:49 replace jessie deb main armel i2p-doc 0.9.30p-2~trusty+1 0.9.30p-1~precise+1
2017-05-10 15:39:49 replace jessie deb main powerpc i2p-doc 0.9.30p-2~trusty+1 0.9.30p-1~precise+1
2017-05-10 15:39:49 replace jessie deb main armhf i2p-doc 0.9.30p-2~trusty+1 0.9.30p-1~precise+1
2017-05-10 15:40:10 replace jessie deb main armel i2p-router 0.9.30p-2~trusty+1 0.9.30p-1~precise+1
2017-05-10 15:40:10 replace jessie deb main powerpc i2p-router 0.9.30p-2~trusty+1 0.9.30p-1~precise+1
2017-05-10 15:40:10 replace jessie deb main armhf i2p-router 0.9.30p-2~trusty+1 0.9.30p-1~precise+1
2017-08-09 21:20:57 replace jessie deb main i386 libjbigi-jni 0.9.31p-2~trusty+1 0.9.30p-2~trusty+1
2017-08-09 21:20:57 replace jessie deb main i386 i2p-router 0.9.31p-2~trusty+1 0.9.30p-2~trusty+1
2017-08-09 21:20:57 replace jessie deb main i386 i2p-doc 0.9.31p-2~trusty+1 0.9.30p-2~trusty+1
2017-08-09 21:20:57 replace jessie deb main i386 i2p 0.9.31p-2~trusty+1 0.9.30p-2~trusty+1
2017-08-09 21:20:57 replace jessie deb main amd64 libjbigi-jni 0.9.31p-2~trusty+1 0.9.30p-2~trusty+1
2017-08-09 21:20:57 replace jessie deb main amd64 i2p-router 0.9.31p-2~trusty+1 0.9.30p-2~trusty+1
2017-08-09 21:20:57 replace jessie deb main amd64 i2p-doc 0.9.31p-2~trusty+1 0.9.30p-2~trusty+1
2017-08-09 21:20:57 replace jessie deb main amd64 i2p 0.9.31p-2~trusty+1 0.9.30p-2~trusty+1
2017-08-09 21:20:57 replace jessie dsc main source i2p 0.9.31p-2~trusty+1 0.9.30p-2~trusty+1
2017-08-09 21:27:50 replace jessie deb main armel i2p 0.9.31p-2~trusty+1 0.9.30p-2~trusty+1
2017-08-09 21:27:50 replace jessie deb main powerpc i2p 0.9.31p-2~trusty+1 0.9.30p-2~trusty+1
2017-08-09 21:27:50 replace jessie deb main armhf i2p 0.9.31p-2~trusty+1 0.9.30p-2~trusty+1
2017-08-09 21:28:09 replace jessie deb main armel i2p-doc 0.9.31p-2~trusty+1 0.9.30p-2~trusty+1
2017-08-09 21:28:09 replace jessie deb main powerpc i2p-doc 0.9.31p-2~trusty+1 0.9.30p-2~trusty+1
2017-08-09 21:28:09 replace jessie deb main armhf i2p-doc 0.9.31p-2~trusty+1 0.9.30p-2~trusty+1
2017-08-09 21:28:24 replace jessie deb main armel i2p-router 0.9.31p-2~trusty+1 0.9.30p-2~trusty+1
2017-08-09 21:28:24 replace jessie deb main powerpc i2p-router 0.9.31p-2~trusty+1 0.9.30p-2~trusty+1
2017-08-09 21:28:24 replace jessie deb main armhf i2p-router 0.9.31p-2~trusty+1 0.9.30p-2~trusty+1
2017-09-18 22:01:40 replace jessie deb main i386 i2p-keyring 2017.09.18 2016.10.01
2017-09-18 22:01:40 replace jessie deb main amd64 i2p-keyring 2017.09.18 2016.10.01
2017-09-18 22:01:40 replace jessie deb main armel i2p-keyring 2017.09.18 2016.10.01
2017-09-18 22:01:40 replace jessie deb main powerpc i2p-keyring 2017.09.18 2016.10.01
2017-09-18 22:01:40 replace jessie deb main armhf i2p-keyring 2017.09.18 2016.10.01
2017-09-18 22:05:34 replace jessie dsc main source i2p-keyring 2017.09.18 2016.10.01
2017-09-20 16:29:56 replace jessie deb main i386 i2p-keyring 2017.09.20 2017.09.18
2017-09-20 16:29:57 replace jessie deb main amd64 i2p-keyring 2017.09.20 2017.09.18
2017-09-20 16:29:57 replace jessie deb main armel i2p-keyring 2017.09.20 2017.09.18
2017-09-20 16:29:57 replace jessie deb main powerpc i2p-keyring 2017.09.20 2017.09.18
2017-09-20 16:29:57 replace jessie deb main armhf i2p-keyring 2017.09.20 2017.09.18
2017-09-20 16:30:54 replace jessie dsc main source i2p-keyring 2017.09.20 2017.09.18
2017-09-21 22:36:26 replace jessie deb main i386 i2p-keyring 2017.09.21 2017.09.20
2017-09-21 22:36:26 replace jessie deb main amd64 i2p-keyring 2017.09.21 2017.09.20
2017-09-21 22:36:26 replace jessie deb main armel i2p-keyring 2017.09.21 2017.09.20
2017-09-21 22:36:26 replace jessie deb main powerpc i2p-keyring 2017.09.21 2017.09.20
2017-09-21 22:36:26 replace jessie deb main armhf i2p-keyring 2017.09.21 2017.09.20
2017-09-21 22:37:14 replace jessie dsc main source i2p-keyring 2017.09.21 2017.09.20
2017-11-08 23:33:18 replace jessie deb main i386 libjbigi-jni 0.9.32p-4~trusty+1 0.9.31p-2~trusty+1
2017-11-08 23:33:18 replace jessie deb main i386 i2p-router 0.9.32p-4~trusty+1 0.9.31p-2~trusty+1
2017-11-08 23:33:18 replace jessie deb main i386 i2p-doc 0.9.32p-4~trusty+1 0.9.31p-2~trusty+1
2017-11-08 23:33:18 replace jessie deb main i386 i2p 0.9.32p-4~trusty+1 0.9.31p-2~trusty+1
2017-11-08 23:33:18 replace jessie deb main amd64 libjbigi-jni 0.9.32p-4~trusty+1 0.9.31p-2~trusty+1
2017-11-08 23:33:18 replace jessie deb main amd64 i2p-router 0.9.32p-4~trusty+1 0.9.31p-2~trusty+1
2017-11-08 23:33:18 replace jessie deb main amd64 i2p-doc 0.9.32p-4~trusty+1 0.9.31p-2~trusty+1
2017-11-08 23:33:18 replace jessie deb main amd64 i2p 0.9.32p-4~trusty+1 0.9.31p-2~trusty+1
2017-11-08 23:33:18 replace jessie dsc main source i2p 0.9.32p-4~trusty+1 0.9.31p-2~trusty+1
2017-11-08 23:38:00 replace jessie deb main armel i2p 0.9.32p-4~trusty+1 0.9.31p-2~trusty+1
2017-11-08 23:38:00 replace jessie deb main powerpc i2p 0.9.32p-4~trusty+1 0.9.31p-2~trusty+1
2017-11-08 23:38:00 replace jessie deb main armhf i2p 0.9.32p-4~trusty+1 0.9.31p-2~trusty+1
2017-11-08 23:38:23 replace jessie deb main armel i2p-doc 0.9.32p-4~trusty+1 0.9.31p-2~trusty+1
2017-11-08 23:38:23 replace jessie deb main powerpc i2p-doc 0.9.32p-4~trusty+1 0.9.31p-2~trusty+1
2017-11-08 23:38:23 replace jessie deb main armhf i2p-doc 0.9.32p-4~trusty+1 0.9.31p-2~trusty+1
2017-11-08 23:38:40 replace jessie deb main armel i2p-router 0.9.32p-4~trusty+1 0.9.31p-2~trusty+1
2017-11-08 23:38:40 replace jessie deb main powerpc i2p-router 0.9.32p-4~trusty+1 0.9.31p-2~trusty+1
2017-11-08 23:38:40 replace jessie deb main armhf i2p-router 0.9.32p-4~trusty+1 0.9.31p-2~trusty+1
2018-01-31 14:50:18 replace jessie deb main i386 libjbigi-jni 0.9.33p-2~trusty+1 0.9.32p-4~trusty+1
2018-01-31 14:50:19 replace jessie deb main i386 i2p-router 0.9.33p-2~trusty+1 0.9.32p-4~trusty+1
2018-01-31 14:50:19 replace jessie deb main i386 i2p-doc 0.9.33p-2~trusty+1 0.9.32p-4~trusty+1
2018-01-31 14:50:19 replace jessie deb main i386 i2p 0.9.33p-2~trusty+1 0.9.32p-4~trusty+1
2018-01-31 14:50:19 replace jessie deb main amd64 libjbigi-jni 0.9.33p-2~trusty+1 0.9.32p-4~trusty+1
2018-01-31 14:50:19 replace jessie deb main amd64 i2p-router 0.9.33p-2~trusty+1 0.9.32p-4~trusty+1
2018-01-31 14:50:19 replace jessie deb main amd64 i2p-doc 0.9.33p-2~trusty+1 0.9.32p-4~trusty+1
2018-01-31 14:50:19 replace jessie deb main amd64 i2p 0.9.33p-2~trusty+1 0.9.32p-4~trusty+1
2018-01-31 14:50:19 replace jessie dsc main source i2p 0.9.33p-2~trusty+1 0.9.32p-4~trusty+1
2018-01-31 15:10:06 replace jessie deb main armel i2p 0.9.33p-2~trusty+1 0.9.32p-4~trusty+1
2018-01-31 15:10:06 replace jessie deb main powerpc i2p 0.9.33p-2~trusty+1 0.9.32p-4~trusty+1
2018-01-31 15:10:06 replace jessie deb main armhf i2p 0.9.33p-2~trusty+1 0.9.32p-4~trusty+1
2018-01-31 15:10:09 replace jessie deb main armel i2p-doc 0.9.33p-2~trusty+1 0.9.32p-4~trusty+1
2018-01-31 15:10:09 replace jessie deb main powerpc i2p-doc 0.9.33p-2~trusty+1 0.9.32p-4~trusty+1
2018-01-31 15:10:09 replace jessie deb main armhf i2p-doc 0.9.33p-2~trusty+1 0.9.32p-4~trusty+1
2018-01-31 15:10:11 replace jessie deb main armel i2p-router 0.9.33p-2~trusty+1 0.9.32p-4~trusty+1
2018-01-31 15:10:11 replace jessie deb main powerpc i2p-router 0.9.33p-2~trusty+1 0.9.32p-4~trusty+1
2018-01-31 15:10:11 replace jessie deb main armhf i2p-router 0.9.33p-2~trusty+1 0.9.32p-4~trusty+1
2018-04-11 18:30:21 replace jessie deb main i386 libjbigi-jni 0.9.34p-2~trusty+1 0.9.33p-2~trusty+1
2018-04-11 18:30:21 replace jessie deb main i386 i2p-router 0.9.34p-2~trusty+1 0.9.33p-2~trusty+1
2018-04-11 18:30:21 replace jessie deb main i386 i2p-doc 0.9.34p-2~trusty+1 0.9.33p-2~trusty+1
2018-04-11 18:30:21 replace jessie deb main i386 i2p 0.9.34p-2~trusty+1 0.9.33p-2~trusty+1
2018-04-11 18:30:21 replace jessie deb main amd64 libjbigi-jni 0.9.34p-2~trusty+1 0.9.33p-2~trusty+1
2018-04-11 18:30:21 replace jessie deb main amd64 i2p-router 0.9.34p-2~trusty+1 0.9.33p-2~trusty+1
2018-04-11 18:30:21 replace jessie deb main amd64 i2p-doc 0.9.34p-2~trusty+1 0.9.33p-2~trusty+1
2018-04-11 18:30:21 replace jessie deb main amd64 i2p 0.9.34p-2~trusty+1 0.9.33p-2~trusty+1
2018-04-11 18:30:21 replace jessie dsc main source i2p 0.9.34p-2~trusty+1 0.9.33p-2~trusty+1
2018-04-11 18:32:38 replace jessie deb main armel i2p 0.9.34p-2~trusty+1 0.9.33p-2~trusty+1
2018-04-11 18:32:38 replace jessie deb main powerpc i2p 0.9.34p-2~trusty+1 0.9.33p-2~trusty+1
2018-04-11 18:32:38 replace jessie deb main armhf i2p 0.9.34p-2~trusty+1 0.9.33p-2~trusty+1
2018-04-11 18:32:41 replace jessie deb main armel i2p-doc 0.9.34p-2~trusty+1 0.9.33p-2~trusty+1
2018-04-11 18:32:41 replace jessie deb main powerpc i2p-doc 0.9.34p-2~trusty+1 0.9.33p-2~trusty+1
2018-04-11 18:32:41 replace jessie deb main armhf i2p-doc 0.9.34p-2~trusty+1 0.9.33p-2~trusty+1
2018-04-11 18:32:43 replace jessie deb main armel i2p-router 0.9.34p-2~trusty+1 0.9.33p-2~trusty+1
2018-04-11 18:32:43 replace jessie deb main powerpc i2p-router 0.9.34p-2~trusty+1 0.9.33p-2~trusty+1
2018-04-11 18:32:43 replace jessie deb main armhf i2p-router 0.9.34p-2~trusty+1 0.9.33p-2~trusty+1
2018-06-27 19:12:41 replace jessie deb main i386 libjbigi-jni 0.9.35p-2~trusty+1 0.9.34p-2~trusty+1
2018-06-27 19:12:41 replace jessie deb main i386 i2p-router 0.9.35p-2~trusty+1 0.9.34p-2~trusty+1
2018-06-27 19:12:41 replace jessie deb main i386 i2p-doc 0.9.35p-2~trusty+1 0.9.34p-2~trusty+1
2018-06-27 19:12:41 replace jessie deb main i386 i2p 0.9.35p-2~trusty+1 0.9.34p-2~trusty+1
2018-06-27 19:12:41 replace jessie deb main amd64 libjbigi-jni 0.9.35p-2~trusty+1 0.9.34p-2~trusty+1
2018-06-27 19:12:41 replace jessie deb main amd64 i2p-router 0.9.35p-2~trusty+1 0.9.34p-2~trusty+1
2018-06-27 19:12:41 replace jessie deb main amd64 i2p-doc 0.9.35p-2~trusty+1 0.9.34p-2~trusty+1
2018-06-27 19:12:41 replace jessie deb main amd64 i2p 0.9.35p-2~trusty+1 0.9.34p-2~trusty+1
2018-06-27 19:12:41 replace jessie dsc main source i2p 0.9.35p-2~trusty+1 0.9.34p-2~trusty+1
2018-06-27 19:14:38 replace jessie deb main armel i2p 0.9.35p-2~trusty+1 0.9.34p-2~trusty+1
2018-06-27 19:14:38 replace jessie deb main powerpc i2p 0.9.35p-2~trusty+1 0.9.34p-2~trusty+1
2018-06-27 19:14:38 replace jessie deb main armhf i2p 0.9.35p-2~trusty+1 0.9.34p-2~trusty+1
2018-06-27 19:14:41 replace jessie deb main armel i2p-doc 0.9.35p-2~trusty+1 0.9.34p-2~trusty+1
2018-06-27 19:14:41 replace jessie deb main powerpc i2p-doc 0.9.35p-2~trusty+1 0.9.34p-2~trusty+1
2018-06-27 19:14:41 replace jessie deb main armhf i2p-doc 0.9.35p-2~trusty+1 0.9.34p-2~trusty+1
2018-06-27 19:14:45 replace jessie deb main armel i2p-router 0.9.35p-2~trusty+1 0.9.34p-2~trusty+1
2018-06-27 19:14:45 replace jessie deb main powerpc i2p-router 0.9.35p-2~trusty+1 0.9.34p-2~trusty+1
2018-06-27 19:14:45 replace jessie deb main armhf i2p-router 0.9.35p-2~trusty+1 0.9.34p-2~trusty+1
2018-08-24 15:13:20 replace jessie deb main i386 libjbigi-jni 0.9.36p-2~trusty+1 0.9.35p-2~trusty+1
2018-08-24 15:13:20 replace jessie deb main i386 i2p-router 0.9.36p-2~trusty+1 0.9.35p-2~trusty+1
2018-08-24 15:13:20 replace jessie deb main i386 i2p-doc 0.9.36p-2~trusty+1 0.9.35p-2~trusty+1
2018-08-24 15:13:20 replace jessie deb main i386 i2p 0.9.36p-2~trusty+1 0.9.35p-2~trusty+1
2018-08-24 15:13:20 replace jessie deb main amd64 libjbigi-jni 0.9.36p-2~trusty+1 0.9.35p-2~trusty+1
2018-08-24 15:13:20 replace jessie deb main amd64 i2p-router 0.9.36p-2~trusty+1 0.9.35p-2~trusty+1
2018-08-24 15:13:20 replace jessie deb main amd64 i2p-doc 0.9.36p-2~trusty+1 0.9.35p-2~trusty+1
2018-08-24 15:13:20 replace jessie deb main amd64 i2p 0.9.36p-2~trusty+1 0.9.35p-2~trusty+1
2018-08-24 15:13:20 replace jessie dsc main source i2p 0.9.36p-2~trusty+1 0.9.35p-2~trusty+1
2018-08-24 15:18:33 replace jessie deb main armel i2p 0.9.36p-2~trusty+1 0.9.35p-2~trusty+1
2018-08-24 15:18:33 replace jessie deb main powerpc i2p 0.9.36p-2~trusty+1 0.9.35p-2~trusty+1
2018-08-24 15:18:33 replace jessie deb main armhf i2p 0.9.36p-2~trusty+1 0.9.35p-2~trusty+1
2018-08-24 15:18:35 replace jessie deb main armel i2p-doc 0.9.36p-2~trusty+1 0.9.35p-2~trusty+1
2018-08-24 15:18:35 replace jessie deb main powerpc i2p-doc 0.9.36p-2~trusty+1 0.9.35p-2~trusty+1
2018-08-24 15:18:35 replace jessie deb main armhf i2p-doc 0.9.36p-2~trusty+1 0.9.35p-2~trusty+1
2018-08-24 15:18:37 replace jessie deb main armel i2p-router 0.9.36p-2~trusty+1 0.9.35p-2~trusty+1
2018-08-24 15:18:37 replace jessie deb main powerpc i2p-router 0.9.36p-2~trusty+1 0.9.35p-2~trusty+1
2018-08-24 15:18:37 replace jessie deb main armhf i2p-router 0.9.36p-2~trusty+1 0.9.35p-2~trusty+1
2018-09-16 23:28:38 replace jessie deb main i386 i2p-keyring 2018.09.16 2017.09.21
2018-09-16 23:28:38 replace jessie deb main amd64 i2p-keyring 2018.09.16 2017.09.21
2018-09-16 23:28:38 replace jessie deb main armel i2p-keyring 2018.09.16 2017.09.21
2018-09-16 23:28:38 replace jessie deb main powerpc i2p-keyring 2018.09.16 2017.09.21
2018-09-16 23:28:38 replace jessie deb main armhf i2p-keyring 2018.09.16 2017.09.21
2018-09-16 23:30:24 replace jessie dsc main source i2p-keyring 2018.09.16 2017.09.21
2018-10-05 20:57:28 replace jessie deb main i386 libjbigi-jni 0.9.37p-2~trusty+1 0.9.36p-2~trusty+1
2018-10-05 20:57:28 replace jessie deb main i386 i2p-router 0.9.37p-2~trusty+1 0.9.36p-2~trusty+1
2018-10-05 20:57:28 replace jessie deb main i386 i2p-doc 0.9.37p-2~trusty+1 0.9.36p-2~trusty+1
2018-10-05 20:57:28 replace jessie deb main i386 i2p 0.9.37p-2~trusty+1 0.9.36p-2~trusty+1
2018-10-05 20:57:28 replace jessie deb main amd64 libjbigi-jni 0.9.37p-2~trusty+1 0.9.36p-2~trusty+1
2018-10-05 20:57:28 replace jessie deb main amd64 i2p-router 0.9.37p-2~trusty+1 0.9.36p-2~trusty+1
2018-10-05 20:57:28 replace jessie deb main amd64 i2p-doc 0.9.37p-2~trusty+1 0.9.36p-2~trusty+1
2018-10-05 20:57:28 replace jessie deb main amd64 i2p 0.9.37p-2~trusty+1 0.9.36p-2~trusty+1
2018-10-05 20:57:28 replace jessie dsc main source i2p 0.9.37p-2~trusty+1 0.9.36p-2~trusty+1
2018-10-05 20:59:07 replace jessie deb main armel i2p 0.9.37p-2~trusty+1 0.9.36p-2~trusty+1
2018-10-05 20:59:07 replace jessie deb main powerpc i2p 0.9.37p-2~trusty+1 0.9.36p-2~trusty+1
2018-10-05 20:59:07 replace jessie deb main armhf i2p 0.9.37p-2~trusty+1 0.9.36p-2~trusty+1
2018-10-05 20:59:10 replace jessie deb main armel i2p-doc 0.9.37p-2~trusty+1 0.9.36p-2~trusty+1
2018-10-05 20:59:10 replace jessie deb main powerpc i2p-doc 0.9.37p-2~trusty+1 0.9.36p-2~trusty+1
2018-10-05 20:59:10 replace jessie deb main armhf i2p-doc 0.9.37p-2~trusty+1 0.9.36p-2~trusty+1
2018-10-05 20:59:12 replace jessie deb main armel i2p-router 0.9.37p-2~trusty+1 0.9.36p-2~trusty+1
2018-10-05 20:59:12 replace jessie deb main powerpc i2p-router 0.9.37p-2~trusty+1 0.9.36p-2~trusty+1
2018-10-05 20:59:12 replace jessie deb main armhf i2p-router 0.9.37p-2~trusty+1 0.9.36p-2~trusty+1
2019-01-23 19:59:14 replace jessie deb main i386 libjbigi-jni 0.9.38p-1~trusty+1 0.9.37p-2~trusty+1
2019-01-23 19:59:14 replace jessie deb main i386 i2p-router 0.9.38p-1~trusty+1 0.9.37p-2~trusty+1
2019-01-23 19:59:14 replace jessie deb main i386 i2p-doc 0.9.38p-1~trusty+1 0.9.37p-2~trusty+1
2019-01-23 19:59:14 replace jessie deb main i386 i2p 0.9.38p-1~trusty+1 0.9.37p-2~trusty+1
2019-01-23 19:59:14 replace jessie deb main amd64 libjbigi-jni 0.9.38p-1~trusty+1 0.9.37p-2~trusty+1
2019-01-23 19:59:14 replace jessie deb main amd64 i2p-router 0.9.38p-1~trusty+1 0.9.37p-2~trusty+1
2019-01-23 19:59:14 replace jessie deb main amd64 i2p-doc 0.9.38p-1~trusty+1 0.9.37p-2~trusty+1
2019-01-23 19:59:14 replace jessie deb main amd64 i2p 0.9.38p-1~trusty+1 0.9.37p-2~trusty+1
2019-01-23 19:59:14 replace jessie dsc main source i2p 0.9.38p-1~trusty+1 0.9.37p-2~trusty+1
2019-01-23 20:04:43 replace jessie deb main armel i2p 0.9.38p-1~trusty+1 0.9.37p-2~trusty+1
2019-01-23 20:04:43 replace jessie deb main powerpc i2p 0.9.38p-1~trusty+1 0.9.37p-2~trusty+1
2019-01-23 20:04:43 replace jessie deb main armhf i2p 0.9.38p-1~trusty+1 0.9.37p-2~trusty+1
2019-01-23 20:04:44 replace jessie deb main armel i2p-doc 0.9.38p-1~trusty+1 0.9.37p-2~trusty+1
2019-01-23 20:04:44 replace jessie deb main powerpc i2p-doc 0.9.38p-1~trusty+1 0.9.37p-2~trusty+1
2019-01-23 20:04:44 replace jessie deb main armhf i2p-doc 0.9.38p-1~trusty+1 0.9.37p-2~trusty+1
2019-01-23 20:04:46 replace jessie deb main armel i2p-router 0.9.38p-1~trusty+1 0.9.37p-2~trusty+1
2019-01-23 20:04:46 replace jessie deb main powerpc i2p-router 0.9.38p-1~trusty+1 0.9.37p-2~trusty+1
2019-01-23 20:04:46 replace jessie deb main armhf i2p-router 0.9.38p-1~trusty+1 0.9.37p-2~trusty+1
2019-01-26 14:34:23 remove jessie deb main i386 i2p 0.9.38p-1~trusty+1
2019-01-26 14:34:23 remove jessie deb main amd64 i2p 0.9.38p-1~trusty+1
2019-01-26 14:34:23 remove jessie deb main armel i2p 0.9.38p-1~trusty+1
2019-01-26 14:34:23 remove jessie deb main powerpc i2p 0.9.38p-1~trusty+1
2019-01-26 14:34:23 remove jessie deb main armhf i2p 0.9.38p-1~trusty+1
2019-01-26 14:34:23 remove jessie dsc main source i2p 0.9.38p-1~trusty+1
2019-01-26 14:34:28 remove jessie deb main i386 i2p-doc 0.9.38p-1~trusty+1
2019-01-26 14:34:28 remove jessie deb main amd64 i2p-doc 0.9.38p-1~trusty+1
2019-01-26 14:34:28 remove jessie deb main armel i2p-doc 0.9.38p-1~trusty+1
2019-01-26 14:34:28 remove jessie deb main powerpc i2p-doc 0.9.38p-1~trusty+1
2019-01-26 14:34:28 remove jessie deb main armhf i2p-doc 0.9.38p-1~trusty+1
2019-01-26 14:34:37 remove jessie deb main i386 i2p-router 0.9.38p-1~trusty+1
2019-01-26 14:34:37 remove jessie deb main amd64 i2p-router 0.9.38p-1~trusty+1
2019-01-26 14:34:37 remove jessie deb main armel i2p-router 0.9.38p-1~trusty+1
2019-01-26 14:34:37 remove jessie deb main powerpc i2p-router 0.9.38p-1~trusty+1
2019-01-26 14:34:37 remove jessie deb main armhf i2p-router 0.9.38p-1~trusty+1
2019-01-26 19:59:09 replace jessie deb main i386 libjbigi-jni 0.9.38p-4~trusty+1 0.9.38p-1~trusty+1
2019-01-26 19:59:09 add jessie deb main i386 i2p-router 0.9.38p-4~trusty+1
2019-01-26 19:59:09 add jessie deb main i386 i2p-doc 0.9.38p-4~trusty+1
2019-01-26 19:59:09 add jessie deb main i386 i2p 0.9.38p-4~trusty+1
2019-01-26 19:59:09 replace jessie deb main amd64 libjbigi-jni 0.9.38p-4~trusty+1 0.9.38p-1~trusty+1
2019-01-26 19:59:09 add jessie deb main amd64 i2p-router 0.9.38p-4~trusty+1
2019-01-26 19:59:09 add jessie deb main amd64 i2p-doc 0.9.38p-4~trusty+1
2019-01-26 19:59:09 add jessie deb main amd64 i2p 0.9.38p-4~trusty+1
2019-01-26 19:59:09 add jessie dsc main source i2p 0.9.38p-4~trusty+1
2019-01-26 20:03:48 add jessie deb main armel i2p 0.9.38p-4~trusty+1
2019-01-26 20:03:48 add jessie deb main powerpc i2p 0.9.38p-4~trusty+1
2019-01-26 20:03:48 add jessie deb main armhf i2p 0.9.38p-4~trusty+1
2019-01-26 20:03:49 add jessie deb main armel i2p-doc 0.9.38p-4~trusty+1
2019-01-26 20:03:49 add jessie deb main powerpc i2p-doc 0.9.38p-4~trusty+1
2019-01-26 20:03:49 add jessie deb main armhf i2p-doc 0.9.38p-4~trusty+1
2019-01-26 20:03:51 add jessie deb main armel i2p-router 0.9.38p-4~trusty+1
2019-01-26 20:03:51 add jessie deb main powerpc i2p-router 0.9.38p-4~trusty+1
2019-01-26 20:03:51 add jessie deb main armhf i2p-router 0.9.38p-4~trusty+1
2019-03-22 18:01:42 replace jessie deb main armel i2p 0.9.39p-1~trusty+1 0.9.38p-4~trusty+1
2019-03-22 18:01:42 replace jessie deb main powerpc i2p 0.9.39p-1~trusty+1 0.9.38p-4~trusty+1
2019-03-22 18:01:42 replace jessie deb main armhf i2p 0.9.39p-1~trusty+1 0.9.38p-4~trusty+1
2019-03-22 18:01:44 replace jessie deb main armel i2p-doc 0.9.39p-1~trusty+1 0.9.38p-4~trusty+1
2019-03-22 18:01:44 replace jessie deb main powerpc i2p-doc 0.9.39p-1~trusty+1 0.9.38p-4~trusty+1
2019-03-22 18:01:44 replace jessie deb main armhf i2p-doc 0.9.39p-1~trusty+1 0.9.38p-4~trusty+1
2019-03-22 18:01:46 replace jessie deb main armel i2p-router 0.9.39p-1~trusty+1 0.9.38p-4~trusty+1
2019-03-22 18:01:46 replace jessie deb main powerpc i2p-router 0.9.39p-1~trusty+1 0.9.38p-4~trusty+1
2019-03-22 18:01:46 replace jessie deb main armhf i2p-router 0.9.39p-1~trusty+1 0.9.38p-4~trusty+1
2019-03-22 18:03:04 replace jessie deb main i386 libjbigi-jni 0.9.39p-1~trusty+1 0.9.38p-4~trusty+1
2019-03-22 18:03:04 replace jessie deb main i386 i2p-router 0.9.39p-1~trusty+1 0.9.38p-4~trusty+1
2019-03-22 18:03:04 replace jessie deb main i386 i2p-doc 0.9.39p-1~trusty+1 0.9.38p-4~trusty+1
2019-03-22 18:03:04 replace jessie deb main i386 i2p 0.9.39p-1~trusty+1 0.9.38p-4~trusty+1
2019-03-22 18:03:04 replace jessie deb main amd64 libjbigi-jni 0.9.39p-1~trusty+1 0.9.38p-4~trusty+1
2019-03-22 18:03:04 replace jessie deb main amd64 i2p-router 0.9.39p-1~trusty+1 0.9.38p-4~trusty+1
2019-03-22 18:03:04 replace jessie deb main amd64 i2p-doc 0.9.39p-1~trusty+1 0.9.38p-4~trusty+1
2019-03-22 18:03:04 replace jessie deb main amd64 i2p 0.9.39p-1~trusty+1 0.9.38p-4~trusty+1
2019-03-22 18:03:04 replace jessie dsc main source i2p 0.9.39p-1~trusty+1 0.9.38p-4~trusty+1
2019-05-08 14:41:29 replace jessie deb main i386 libjbigi-jni 0.9.40p-1~trusty+1 0.9.39p-1~trusty+1
2019-05-08 14:41:29 replace jessie deb main i386 i2p-router 0.9.40p-1~trusty+1 0.9.39p-1~trusty+1
2019-05-08 14:41:29 replace jessie deb main i386 i2p-doc 0.9.40p-1~trusty+1 0.9.39p-1~trusty+1
2019-05-08 14:41:29 replace jessie deb main i386 i2p 0.9.40p-1~trusty+1 0.9.39p-1~trusty+1
2019-05-08 14:41:29 replace jessie deb main amd64 libjbigi-jni 0.9.40p-1~trusty+1 0.9.39p-1~trusty+1
2019-05-08 14:41:29 replace jessie deb main amd64 i2p-router 0.9.40p-1~trusty+1 0.9.39p-1~trusty+1
2019-05-08 14:41:29 replace jessie deb main amd64 i2p-doc 0.9.40p-1~trusty+1 0.9.39p-1~trusty+1
2019-05-08 14:41:29 replace jessie deb main amd64 i2p 0.9.40p-1~trusty+1 0.9.39p-1~trusty+1
2019-05-08 14:41:29 replace jessie dsc main source i2p 0.9.40p-1~trusty+1 0.9.39p-1~trusty+1
2019-05-08 14:50:53 replace jessie deb main armel i2p 0.9.40p-1~trusty+1 0.9.39p-1~trusty+1
2019-05-08 14:50:53 replace jessie deb main powerpc i2p 0.9.40p-1~trusty+1 0.9.39p-1~trusty+1
2019-05-08 14:50:53 replace jessie deb main armhf i2p 0.9.40p-1~trusty+1 0.9.39p-1~trusty+1
2019-05-08 14:50:55 replace jessie deb main armel i2p-doc 0.9.40p-1~trusty+1 0.9.39p-1~trusty+1
2019-05-08 14:50:55 replace jessie deb main powerpc i2p-doc 0.9.40p-1~trusty+1 0.9.39p-1~trusty+1
2019-05-08 14:50:55 replace jessie deb main armhf i2p-doc 0.9.40p-1~trusty+1 0.9.39p-1~trusty+1
2019-05-08 14:50:57 replace jessie deb main armel i2p-router 0.9.40p-1~trusty+1 0.9.39p-1~trusty+1
2019-05-08 14:50:57 replace jessie deb main powerpc i2p-router 0.9.40p-1~trusty+1 0.9.39p-1~trusty+1
2019-05-08 14:50:57 replace jessie deb main armhf i2p-router 0.9.40p-1~trusty+1 0.9.39p-1~trusty+1
2019-07-03 22:56:08 replace jessie deb main i386 libjbigi-jni 0.9.41p-1~trusty+1 0.9.40p-1~trusty+1
2019-07-03 22:56:08 replace jessie deb main i386 i2p-router 0.9.41p-1~trusty+1 0.9.40p-1~trusty+1
2019-07-03 22:56:08 replace jessie deb main i386 i2p-doc 0.9.41p-1~trusty+1 0.9.40p-1~trusty+1
2019-07-03 22:56:08 replace jessie deb main i386 i2p 0.9.41p-1~trusty+1 0.9.40p-1~trusty+1
2019-07-03 22:56:08 replace jessie deb main amd64 libjbigi-jni 0.9.41p-1~trusty+1 0.9.40p-1~trusty+1
2019-07-03 22:56:08 replace jessie deb main amd64 i2p-router 0.9.41p-1~trusty+1 0.9.40p-1~trusty+1
2019-07-03 22:56:08 replace jessie deb main amd64 i2p-doc 0.9.41p-1~trusty+1 0.9.40p-1~trusty+1
2019-07-03 22:56:08 replace jessie deb main amd64 i2p 0.9.41p-1~trusty+1 0.9.40p-1~trusty+1
2019-07-03 22:56:08 add jessie deb main arm64 i2p-router 0.9.41p-1~trusty+1
2019-07-03 22:56:08 add jessie deb main arm64 i2p-doc 0.9.41p-1~trusty+1
2019-07-03 22:56:08 add jessie deb main arm64 i2p 0.9.41p-1~trusty+1
2019-07-03 22:56:08 replace jessie deb main armhf libjbigi-jni 0.9.41p-1~trusty+1 0.9.20-2~deb7u+1
2019-07-03 22:56:08 replace jessie deb main armhf i2p-router 0.9.41p-1~trusty+1 0.9.40p-1~trusty+1
2019-07-03 22:56:08 replace jessie deb main armhf i2p-doc 0.9.41p-1~trusty+1 0.9.40p-1~trusty+1
2019-07-03 22:56:08 replace jessie deb main armhf i2p 0.9.41p-1~trusty+1 0.9.40p-1~trusty+1
2019-07-03 22:56:08 add jessie deb main ppc64el i2p-router 0.9.41p-1~trusty+1
2019-07-03 22:56:08 add jessie deb main ppc64el i2p-doc 0.9.41p-1~trusty+1
2019-07-03 22:56:08 add jessie deb main ppc64el i2p 0.9.41p-1~trusty+1
2019-07-03 22:56:08 replace jessie dsc main source i2p 0.9.41p-1~trusty+1 0.9.40p-1~trusty+1
2019-07-03 23:01:31 replace jessie deb main armel i2p 0.9.41p-1~trusty+1 0.9.40p-1~trusty+1
2019-07-03 23:01:31 replace jessie deb main powerpc i2p 0.9.41p-1~trusty+1 0.9.40p-1~trusty+1
2019-07-03 23:01:33 replace jessie deb main armel i2p-doc 0.9.41p-1~trusty+1 0.9.40p-1~trusty+1
2019-07-03 23:01:33 replace jessie deb main powerpc i2p-doc 0.9.41p-1~trusty+1 0.9.40p-1~trusty+1
2019-07-03 23:01:35 replace jessie deb main armel i2p-router 0.9.41p-1~trusty+1 0.9.40p-1~trusty+1
2019-07-03 23:01:35 replace jessie deb main powerpc i2p-router 0.9.41p-1~trusty+1 0.9.40p-1~trusty+1
2019-07-03 23:16:17 replace jessie deb main i386 libjbigi-jni 0.9.41p-1~trusty+1 0.9.41p-1~trusty+1
2019-07-03 23:16:17 replace jessie deb main i386 i2p-router 0.9.41p-1~trusty+1 0.9.41p-1~trusty+1
2019-07-03 23:16:17 replace jessie deb main i386 i2p-doc 0.9.41p-1~trusty+1 0.9.41p-1~trusty+1
2019-07-03 23:16:17 replace jessie deb main i386 i2p 0.9.41p-1~trusty+1 0.9.41p-1~trusty+1
2019-07-03 23:16:17 replace jessie deb main amd64 libjbigi-jni 0.9.41p-1~trusty+1 0.9.41p-1~trusty+1
2019-07-03 23:16:17 replace jessie deb main amd64 i2p-router 0.9.41p-1~trusty+1 0.9.41p-1~trusty+1
2019-07-03 23:16:17 replace jessie deb main amd64 i2p-doc 0.9.41p-1~trusty+1 0.9.41p-1~trusty+1
2019-07-03 23:16:17 replace jessie deb main amd64 i2p 0.9.41p-1~trusty+1 0.9.41p-1~trusty+1
2019-07-03 23:16:17 replace jessie deb main arm64 i2p-router 0.9.41p-1~trusty+1 0.9.41p-1~trusty+1
2019-07-03 23:16:17 replace jessie deb main arm64 i2p-doc 0.9.41p-1~trusty+1 0.9.41p-1~trusty+1
2019-07-03 23:16:17 replace jessie deb main arm64 i2p 0.9.41p-1~trusty+1 0.9.41p-1~trusty+1
2019-07-03 23:16:17 replace jessie deb main armhf libjbigi-jni 0.9.41p-1~trusty+1 0.9.41p-1~trusty+1
2019-07-03 23:16:17 replace jessie deb main armhf i2p-router 0.9.41p-1~trusty+1 0.9.41p-1~trusty+1
2019-07-03 23:16:17 replace jessie deb main armhf i2p-doc 0.9.41p-1~trusty+1 0.9.41p-1~trusty+1
2019-07-03 23:16:17 replace jessie deb main armhf i2p 0.9.41p-1~trusty+1 0.9.41p-1~trusty+1
2019-07-03 23:16:17 replace jessie deb main powerpc libjbigi-jni 0.9.41p-1~trusty+1 0.9.19-1~deb7u+1
2019-07-03 23:16:17 replace jessie deb main powerpc i2p-router 0.9.41p-1~trusty+1 0.9.41p-1~trusty+1
2019-07-03 23:16:17 replace jessie deb main powerpc i2p-doc 0.9.41p-1~trusty+1 0.9.41p-1~trusty+1
2019-07-03 23:16:17 replace jessie deb main powerpc i2p 0.9.41p-1~trusty+1 0.9.41p-1~trusty+1
2019-07-03 23:16:17 replace jessie deb main ppc64el i2p-router 0.9.41p-1~trusty+1 0.9.41p-1~trusty+1
2019-07-03 23:16:17 replace jessie deb main ppc64el i2p-doc 0.9.41p-1~trusty+1 0.9.41p-1~trusty+1
2019-07-03 23:16:17 replace jessie deb main ppc64el i2p 0.9.41p-1~trusty+1 0.9.41p-1~trusty+1
2019-07-03 23:16:17 replace jessie dsc main source i2p 0.9.41p-1~trusty+1 0.9.41p-1~trusty+1
2019-08-28 20:46:55 replace jessie deb main i386 libjbigi-jni 0.9.42p-1~trusty+1 0.9.41p-1~trusty+1
2019-08-28 20:46:55 replace jessie deb main i386 i2p-router 0.9.42p-1~trusty+1 0.9.41p-1~trusty+1
2019-08-28 20:46:55 replace jessie deb main i386 i2p-doc 0.9.42p-1~trusty+1 0.9.41p-1~trusty+1
2019-08-28 20:46:55 replace jessie deb main i386 i2p 0.9.42p-1~trusty+1 0.9.41p-1~trusty+1
2019-08-28 20:46:55 replace jessie deb main amd64 libjbigi-jni 0.9.42p-1~trusty+1 0.9.41p-1~trusty+1
2019-08-28 20:46:55 replace jessie deb main amd64 i2p-router 0.9.42p-1~trusty+1 0.9.41p-1~trusty+1
2019-08-28 20:46:55 replace jessie deb main amd64 i2p-doc 0.9.42p-1~trusty+1 0.9.41p-1~trusty+1
2019-08-28 20:46:55 replace jessie deb main amd64 i2p 0.9.42p-1~trusty+1 0.9.41p-1~trusty+1
2019-08-28 20:46:55 replace jessie deb main arm64 i2p-router 0.9.42p-1~trusty+1 0.9.41p-1~trusty+1
2019-08-28 20:46:55 replace jessie deb main arm64 i2p-doc 0.9.42p-1~trusty+1 0.9.41p-1~trusty+1
2019-08-28 20:46:55 replace jessie deb main arm64 i2p 0.9.42p-1~trusty+1 0.9.41p-1~trusty+1
2019-08-28 20:46:55 replace jessie deb main armhf libjbigi-jni 0.9.42p-1~trusty+1 0.9.41p-1~trusty+1
2019-08-28 20:46:55 replace jessie deb main armhf i2p-router 0.9.42p-1~trusty+1 0.9.41p-1~trusty+1
2019-08-28 20:46:55 replace jessie deb main armhf i2p-doc 0.9.42p-1~trusty+1 0.9.41p-1~trusty+1
2019-08-28 20:46:55 replace jessie deb main armhf i2p 0.9.42p-1~trusty+1 0.9.41p-1~trusty+1
2019-08-28 20:46:55 replace jessie deb main powerpc libjbigi-jni 0.9.42p-1~trusty+1 0.9.41p-1~trusty+1
2019-08-28 20:46:55 replace jessie deb main powerpc i2p-router 0.9.42p-1~trusty+1 0.9.41p-1~trusty+1
2019-08-28 20:46:55 replace jessie deb main powerpc i2p-doc 0.9.42p-1~trusty+1 0.9.41p-1~trusty+1
2019-08-28 20:46:55 replace jessie deb main powerpc i2p 0.9.42p-1~trusty+1 0.9.41p-1~trusty+1
2019-08-28 20:46:55 replace jessie deb main ppc64el i2p-router 0.9.42p-1~trusty+1 0.9.41p-1~trusty+1
2019-08-28 20:46:55 replace jessie deb main ppc64el i2p-doc 0.9.42p-1~trusty+1 0.9.41p-1~trusty+1
2019-08-28 20:46:55 replace jessie deb main ppc64el i2p 0.9.42p-1~trusty+1 0.9.41p-1~trusty+1
2019-08-28 20:46:55 replace jessie dsc main source i2p 0.9.42p-1~trusty+1 0.9.41p-1~trusty+1
2019-09-21 17:04:55 replace jessie deb main i386 i2p-keyring 2019.09.21 2018.09.16
2019-09-21 17:04:55 replace jessie deb main amd64 i2p-keyring 2019.09.21 2018.09.16
2019-09-21 17:04:55 replace jessie deb main armel i2p-keyring 2019.09.21 2018.09.16
2019-09-21 17:04:55 replace jessie deb main powerpc i2p-keyring 2019.09.21 2018.09.16
2019-09-21 17:04:55 replace jessie deb main armhf i2p-keyring 2019.09.21 2018.09.16
2019-09-21 17:04:55 add jessie deb main arm64 i2p-keyring 2019.09.21
2019-09-21 17:04:55 add jessie deb main ppc64el i2p-keyring 2019.09.21
2019-09-21 17:04:55 add jessie deb main s390x i2p-keyring 2019.09.21
2019-09-21 17:07:15 replace jessie dsc main source i2p-keyring 2019.09.21 2018.09.16
2019-10-22 17:47:23 replace jessie deb main i386 libjbigi-jni 0.9.43p-1~trusty+1 0.9.42p-1~trusty+1
2019-10-22 17:47:23 replace jessie deb main i386 i2p-router 0.9.43p-1~trusty+1 0.9.42p-1~trusty+1
2019-10-22 17:47:23 replace jessie deb main i386 i2p-doc 0.9.43p-1~trusty+1 0.9.42p-1~trusty+1
2019-10-22 17:47:23 replace jessie deb main i386 i2p 0.9.43p-1~trusty+1 0.9.42p-1~trusty+1
2019-10-22 17:47:23 replace jessie deb main amd64 libjbigi-jni 0.9.43p-1~trusty+1 0.9.42p-1~trusty+1
2019-10-22 17:47:23 replace jessie deb main amd64 i2p-router 0.9.43p-1~trusty+1 0.9.42p-1~trusty+1
2019-10-22 17:47:23 replace jessie deb main amd64 i2p-doc 0.9.43p-1~trusty+1 0.9.42p-1~trusty+1
2019-10-22 17:47:23 replace jessie deb main amd64 i2p 0.9.43p-1~trusty+1 0.9.42p-1~trusty+1
2019-10-22 17:47:23 replace jessie deb main arm64 i2p-router 0.9.43p-1~trusty+1 0.9.42p-1~trusty+1
2019-10-22 17:47:23 replace jessie deb main arm64 i2p-doc 0.9.43p-1~trusty+1 0.9.42p-1~trusty+1
2019-10-22 17:47:23 replace jessie deb main arm64 i2p 0.9.43p-1~trusty+1 0.9.42p-1~trusty+1
2019-10-22 17:47:23 replace jessie deb main armhf libjbigi-jni 0.9.43p-1~trusty+1 0.9.42p-1~trusty+1
2019-10-22 17:47:23 replace jessie deb main armhf i2p-router 0.9.43p-1~trusty+1 0.9.42p-1~trusty+1
2019-10-22 17:47:23 replace jessie deb main armhf i2p-doc 0.9.43p-1~trusty+1 0.9.42p-1~trusty+1
2019-10-22 17:47:23 replace jessie deb main armhf i2p 0.9.43p-1~trusty+1 0.9.42p-1~trusty+1
2019-10-22 17:47:23 replace jessie deb main powerpc libjbigi-jni 0.9.43p-1~trusty+1 0.9.42p-1~trusty+1
2019-10-22 17:47:23 replace jessie deb main powerpc i2p-router 0.9.43p-1~trusty+1 0.9.42p-1~trusty+1
2019-10-22 17:47:23 replace jessie deb main powerpc i2p-doc 0.9.43p-1~trusty+1 0.9.42p-1~trusty+1
2019-10-22 17:47:23 replace jessie deb main powerpc i2p 0.9.43p-1~trusty+1 0.9.42p-1~trusty+1
2019-10-22 17:47:23 replace jessie deb main ppc64el i2p-router 0.9.43p-1~trusty+1 0.9.42p-1~trusty+1
2019-10-22 17:47:23 replace jessie deb main ppc64el i2p-doc 0.9.43p-1~trusty+1 0.9.42p-1~trusty+1
2019-10-22 17:47:23 replace jessie deb main ppc64el i2p 0.9.43p-1~trusty+1 0.9.42p-1~trusty+1
2019-10-22 17:47:23 replace jessie dsc main source i2p 0.9.43p-1~trusty+1 0.9.42p-1~trusty+1
2019-12-01 23:42:42 replace jessie deb main i386 libjbigi-jni 0.9.44p-1~trusty+1 0.9.43p-1~trusty+1
2019-12-01 23:42:42 replace jessie deb main i386 i2p-router 0.9.44p-1~trusty+1 0.9.43p-1~trusty+1
2019-12-01 23:42:42 replace jessie deb main i386 i2p-doc 0.9.44p-1~trusty+1 0.9.43p-1~trusty+1
2019-12-01 23:42:42 replace jessie deb main i386 i2p 0.9.44p-1~trusty+1 0.9.43p-1~trusty+1
2019-12-01 23:42:42 replace jessie deb main amd64 libjbigi-jni 0.9.44p-1~trusty+1 0.9.43p-1~trusty+1
2019-12-01 23:42:42 replace jessie deb main amd64 i2p-router 0.9.44p-1~trusty+1 0.9.43p-1~trusty+1
2019-12-01 23:42:42 replace jessie deb main amd64 i2p-doc 0.9.44p-1~trusty+1 0.9.43p-1~trusty+1
2019-12-01 23:42:42 replace jessie deb main amd64 i2p 0.9.44p-1~trusty+1 0.9.43p-1~trusty+1
2019-12-01 23:42:42 replace jessie deb main arm64 i2p-router 0.9.44p-1~trusty+1 0.9.43p-1~trusty+1
2019-12-01 23:42:42 replace jessie deb main arm64 i2p-doc 0.9.44p-1~trusty+1 0.9.43p-1~trusty+1
2019-12-01 23:42:42 replace jessie deb main arm64 i2p 0.9.44p-1~trusty+1 0.9.43p-1~trusty+1
2019-12-01 23:42:42 replace jessie deb main armhf libjbigi-jni 0.9.44p-1~trusty+1 0.9.43p-1~trusty+1
2019-12-01 23:42:42 replace jessie deb main armhf i2p-router 0.9.44p-1~trusty+1 0.9.43p-1~trusty+1
2019-12-01 23:42:42 replace jessie deb main armhf i2p-doc 0.9.44p-1~trusty+1 0.9.43p-1~trusty+1
2019-12-01 23:42:42 replace jessie deb main armhf i2p 0.9.44p-1~trusty+1 0.9.43p-1~trusty+1
2019-12-01 23:42:42 replace jessie deb main powerpc libjbigi-jni 0.9.44p-1~trusty+1 0.9.43p-1~trusty+1
2019-12-01 23:42:42 replace jessie deb main powerpc i2p-router 0.9.44p-1~trusty+1 0.9.43p-1~trusty+1
2019-12-01 23:42:42 replace jessie deb main powerpc i2p-doc 0.9.44p-1~trusty+1 0.9.43p-1~trusty+1
2019-12-01 23:42:42 replace jessie deb main powerpc i2p 0.9.44p-1~trusty+1 0.9.43p-1~trusty+1
2019-12-01 23:42:42 replace jessie deb main ppc64el i2p-router 0.9.44p-1~trusty+1 0.9.43p-1~trusty+1
2019-12-01 23:42:42 replace jessie deb main ppc64el i2p-doc 0.9.44p-1~trusty+1 0.9.43p-1~trusty+1
2019-12-01 23:42:42 replace jessie deb main ppc64el i2p 0.9.44p-1~trusty+1 0.9.43p-1~trusty+1
2019-12-01 23:42:42 replace jessie dsc main source i2p 0.9.44p-1~trusty+1 0.9.43p-1~trusty+1
2020-02-25 17:52:21 replace jessie deb main i386 libjbigi-jni 0.9.45p-1~trusty+1 0.9.44p-1~trusty+1
2020-02-25 17:52:21 replace jessie deb main i386 i2p-router 0.9.45p-1~trusty+1 0.9.44p-1~trusty+1
2020-02-25 17:52:21 replace jessie deb main i386 i2p-doc 0.9.45p-1~trusty+1 0.9.44p-1~trusty+1
2020-02-25 17:52:21 replace jessie deb main i386 i2p 0.9.45p-1~trusty+1 0.9.44p-1~trusty+1
2020-02-25 17:52:21 replace jessie deb main amd64 libjbigi-jni 0.9.45p-1~trusty+1 0.9.44p-1~trusty+1
2020-02-25 17:52:21 replace jessie deb main amd64 i2p-router 0.9.45p-1~trusty+1 0.9.44p-1~trusty+1
2020-02-25 17:52:21 replace jessie deb main amd64 i2p-doc 0.9.45p-1~trusty+1 0.9.44p-1~trusty+1
2020-02-25 17:52:21 replace jessie deb main amd64 i2p 0.9.45p-1~trusty+1 0.9.44p-1~trusty+1
2020-02-25 17:52:21 replace jessie deb main arm64 i2p-router 0.9.45p-1~trusty+1 0.9.44p-1~trusty+1
2020-02-25 17:52:21 replace jessie deb main arm64 i2p-doc 0.9.45p-1~trusty+1 0.9.44p-1~trusty+1
2020-02-25 17:52:21 replace jessie deb main arm64 i2p 0.9.45p-1~trusty+1 0.9.44p-1~trusty+1
2020-02-25 17:52:21 replace jessie deb main armhf libjbigi-jni 0.9.45p-1~trusty+1 0.9.44p-1~trusty+1
2020-02-25 17:52:21 replace jessie deb main armhf i2p-router 0.9.45p-1~trusty+1 0.9.44p-1~trusty+1
2020-02-25 17:52:21 replace jessie deb main armhf i2p-doc 0.9.45p-1~trusty+1 0.9.44p-1~trusty+1
2020-02-25 17:52:21 replace jessie deb main armhf i2p 0.9.45p-1~trusty+1 0.9.44p-1~trusty+1
2020-02-25 17:52:21 replace jessie deb main powerpc libjbigi-jni 0.9.45p-1~trusty+1 0.9.44p-1~trusty+1
2020-02-25 17:52:21 replace jessie deb main powerpc i2p-router 0.9.45p-1~trusty+1 0.9.44p-1~trusty+1
2020-02-25 17:52:21 replace jessie deb main powerpc i2p-doc 0.9.45p-1~trusty+1 0.9.44p-1~trusty+1
2020-02-25 17:52:21 replace jessie deb main powerpc i2p 0.9.45p-1~trusty+1 0.9.44p-1~trusty+1
2020-02-25 17:52:21 replace jessie deb main ppc64el i2p-router 0.9.45p-1~trusty+1 0.9.44p-1~trusty+1
2020-02-25 17:52:21 replace jessie deb main ppc64el i2p-doc 0.9.45p-1~trusty+1 0.9.44p-1~trusty+1
2020-02-25 17:52:21 replace jessie deb main ppc64el i2p 0.9.45p-1~trusty+1 0.9.44p-1~trusty+1
2020-02-25 17:52:21 replace jessie dsc main source i2p 0.9.45p-1~trusty+1 0.9.44p-1~trusty+1
2020-02-25 17:56:01 replace jessie deb main armel i2p 0.9.45p-1~trusty+1 0.9.41p-1~trusty+1
2020-02-25 17:56:02 replace jessie deb main armel i2p-doc 0.9.45p-1~trusty+1 0.9.41p-1~trusty+1
2020-02-25 17:56:03 replace jessie deb main armel i2p-router 0.9.45p-1~trusty+1 0.9.41p-1~trusty+1
2020-02-25 18:00:15 add jessie deb main arm64 killyourtv-keyring 2015.03.27.1
2020-02-25 18:00:15 add jessie deb main arm64 libservice-wrapper-doc 3.5.25-1
2020-02-25 18:00:15 add jessie deb main arm64 libservice-wrapper-java 3.5.25-1
2020-02-25 18:00:15 add jessie deb main arm64 syndie 1.107b-2ubuntu1
2020-02-25 18:00:15 add jessie deb main ppc64el killyourtv-keyring 2015.03.27.1
2020-02-25 18:00:15 add jessie deb main ppc64el libservice-wrapper-doc 3.5.25-1
2020-02-25 18:00:15 add jessie deb main ppc64el libservice-wrapper-java 3.5.25-1
2020-02-25 18:00:15 add jessie deb main ppc64el syndie 1.107b-2ubuntu1
2020-02-25 18:00:15 add jessie deb main s390x i2p 0.9.45p-1~trusty+1
2020-02-25 18:00:15 add jessie deb main s390x i2p-doc 0.9.45p-1~trusty+1
2020-02-25 18:00:15 add jessie deb main s390x i2p-router 0.9.45p-1~trusty+1
2020-02-25 18:00:15 add jessie deb main s390x killyourtv-keyring 2015.03.27.1
2020-02-25 18:00:15 add jessie deb main s390x libservice-wrapper-doc 3.5.25-1
2020-02-25 18:00:15 add jessie deb main s390x libservice-wrapper-java 3.5.25-1
2020-02-25 18:00:15 add jessie deb main s390x syndie 1.107b-2ubuntu1
2020-05-26 21:57:19 replace jessie deb main i386 libjbigi-jni 0.9.46p-1~trusty+1 0.9.45p-1~trusty+1
2020-05-26 21:57:19 replace jessie deb main i386 i2p-router 0.9.46p-1~trusty+1 0.9.45p-1~trusty+1
2020-05-26 21:57:19 replace jessie deb main i386 i2p-doc 0.9.46p-1~trusty+1 0.9.45p-1~trusty+1
2020-05-26 21:57:19 replace jessie deb main i386 i2p 0.9.46p-1~trusty+1 0.9.45p-1~trusty+1
2020-05-26 21:57:19 replace jessie deb main amd64 libjbigi-jni 0.9.46p-1~trusty+1 0.9.45p-1~trusty+1
2020-05-26 21:57:19 replace jessie deb main amd64 i2p-router 0.9.46p-1~trusty+1 0.9.45p-1~trusty+1
2020-05-26 21:57:19 replace jessie deb main amd64 i2p-doc 0.9.46p-1~trusty+1 0.9.45p-1~trusty+1
2020-05-26 21:57:19 replace jessie deb main amd64 i2p 0.9.46p-1~trusty+1 0.9.45p-1~trusty+1
2020-05-26 21:57:19 replace jessie deb main arm64 i2p-router 0.9.46p-1~trusty+1 0.9.45p-1~trusty+1
2020-05-26 21:57:19 replace jessie deb main arm64 i2p-doc 0.9.46p-1~trusty+1 0.9.45p-1~trusty+1
2020-05-26 21:57:19 replace jessie deb main arm64 i2p 0.9.46p-1~trusty+1 0.9.45p-1~trusty+1
2020-05-26 21:57:19 replace jessie deb main armhf libjbigi-jni 0.9.46p-1~trusty+1 0.9.45p-1~trusty+1
2020-05-26 21:57:19 replace jessie deb main armhf i2p-router 0.9.46p-1~trusty+1 0.9.45p-1~trusty+1
2020-05-26 21:57:19 replace jessie deb main armhf i2p-doc 0.9.46p-1~trusty+1 0.9.45p-1~trusty+1
2020-05-26 21:57:19 replace jessie deb main armhf i2p 0.9.46p-1~trusty+1 0.9.45p-1~trusty+1
2020-05-26 21:57:19 replace jessie deb main powerpc libjbigi-jni 0.9.46p-1~trusty+1 0.9.45p-1~trusty+1
2020-05-26 21:57:19 replace jessie deb main powerpc i2p-router 0.9.46p-1~trusty+1 0.9.45p-1~trusty+1
2020-05-26 21:57:19 replace jessie deb main powerpc i2p-doc 0.9.46p-1~trusty+1 0.9.45p-1~trusty+1
2020-05-26 21:57:19 replace jessie deb main powerpc i2p 0.9.46p-1~trusty+1 0.9.45p-1~trusty+1
2020-05-26 21:57:19 replace jessie deb main ppc64el i2p-router 0.9.46p-1~trusty+1 0.9.45p-1~trusty+1
2020-05-26 21:57:19 replace jessie deb main ppc64el i2p-doc 0.9.46p-1~trusty+1 0.9.45p-1~trusty+1
2020-05-26 21:57:19 replace jessie deb main ppc64el i2p 0.9.46p-1~trusty+1 0.9.45p-1~trusty+1
2020-05-26 21:57:19 replace jessie deb main s390x i2p-router 0.9.46p-1~trusty+1 0.9.45p-1~trusty+1
2020-05-26 21:57:19 replace jessie deb main s390x i2p-doc 0.9.46p-1~trusty+1 0.9.45p-1~trusty+1
2020-05-26 21:57:19 replace jessie deb main s390x i2p 0.9.46p-1~trusty+1 0.9.45p-1~trusty+1
2020-05-26 21:57:19 replace jessie dsc main source i2p 0.9.46p-1~trusty+1 0.9.45p-1~trusty+1
2021-09-10 17:34:02 replace jessie deb main i386 i2p-keyring 2021.09.10 2019.09.21
2021-09-10 17:34:02 replace jessie deb main amd64 i2p-keyring 2021.09.10 2019.09.21
2021-09-10 17:34:02 replace jessie deb main armel i2p-keyring 2021.09.10 2019.09.21
2021-09-10 17:34:02 replace jessie deb main powerpc i2p-keyring 2021.09.10 2019.09.21
2021-09-10 17:34:02 replace jessie deb main armhf i2p-keyring 2021.09.10 2019.09.21
2021-09-10 17:34:02 replace jessie deb main arm64 i2p-keyring 2021.09.10 2019.09.21
2021-09-10 17:34:02 replace jessie deb main ppc64el i2p-keyring 2021.09.10 2019.09.21
2021-09-10 17:34:02 replace jessie deb main s390x i2p-keyring 2021.09.10 2019.09.21
2021-09-10 17:35:01 replace jessie dsc main source i2p-keyring 2021.09.10 2019.09.21
